Log file open, 07/24/18 14:28:11
LogWindows: Failed to load 'aqProf.dll' (GetLastError=126)
LogWindows: File 'aqProf.dll' does not exist
LogWindows: Failed to load 'VtuneApi.dll' (GetLastError=126)
LogWindows: File 'VtuneApi.dll' does not exist
LogWindows: Failed to load 'VtuneApi32e.dll' (GetLastError=126)
LogWindows: File 'VtuneApi32e.dll' does not exist
LogInit: Display: Running engine for game: D2dSideScroller
LogPlatformFile: Not using cached read wrapper
LogInit: Display: RandInit(1638850708) SRandInit(1638850708).
LogInit: Read version file with build ID '3944462'
LogInit: Overriding engine version to CL 4033788, compatible CL 3944462
LogInit: Registered custom module enumerator with build ID '3944462'
LogTaskGraph: Started task graph with 5 named threads and 23 total threads with 3 sets of task threads.
LogStats: Stats thread started at 0.271825
LogD3D11RHI: Aftermath initialized
LogICUInternationalization: Display: ICU TimeZone Detection - Raw Offset: -5:00, Platform Override: ''
LogModuleManager: Display: Found up-to-date module file ../../../Engine/Plugins/2D/Paper2D/Binaries/Win64/UE4Editor-Paper2D.dll (API version 3944462).
LogModuleManager: Display: Found up-to-date module file ../../../Engine/Plugins/2D/Paper2D/Binaries/Win64/UE4Editor-Paper2DEditor.dll (API version 3944462).
LogModuleManager: Display: Found up-to-date module file ../../../Engine/Plugins/2D/Paper2D/Binaries/Win64/UE4Editor-PaperSpriteSheetImporter.dll (API version 3944462).
LogModuleManager: Display: Found up-to-date module file ../../../Engine/Plugins/2D/Paper2D/Binaries/Win64/UE4Editor-PaperTiledImporter.dll (API version 3944462).
LogModuleManager: Display: Found up-to-date module file ../../../Engine/Plugins/2D/Paper2D/Binaries/Win64/UE4Editor-SmartSnapping.dll (API version 3944462).
LogModuleManager: Display: Found up-to-date module file ../../../Engine/Plugins/Blendables/LightPropagationVolume/Binaries/Win64/UE4Editor-LightPropagationVolumeRuntime.dll (API version 3944462).
LogModuleManager: Display: Found up-to-date module file ../../../Engine/Plugins/Blendables/LightPropagationVolume/Binaries/Win64/UE4Editor-LightPropagationVolumeEditor.dll (API version 3944462).
LogModuleManager: Display: Found up-to-date module file ../../../Engine/Plugins/Developer/CLionSourceCodeAccess/Binaries/Win64/UE4Editor-CLionSourceCodeAccess.dll (API version 3944462).
LogModuleManager: Display: Found up-to-date module file ../../../Engine/Plugins/Developer/GitSourceControl/Binaries/Win64/UE4Editor-GitSourceControl.dll (API version 3944462).
LogModuleManager: Display: Found up-to-date module file ../../../Engine/Plugins/Developer/PerforceSourceControl/Binaries/Win64/UE4Editor-PerforceSourceControl.dll (API version 3944462).
LogModuleManager: Display: Found up-to-date module file ../../../Engine/Plugins/Developer/SubversionSourceControl/Binaries/Win64/UE4Editor-SubversionSourceControl.dll (API version 3944462).
LogModuleManager: Display: Found up-to-date module file ../../../Engine/Plugins/Developer/UObjectPlugin/Binaries/Win64/UE4Editor-UObjectPlugin.dll (API version 3944462).
LogModuleManager: Display: Found up-to-date module file ../../../Engine/Plugins/Developer/VisualStudioCodeSourceCodeAccess/Binaries/Win64/UE4Editor-VisualStudioCodeSourceCodeAccess.dll (API version 3944462).
LogModuleManager: Display: Found up-to-date module file ../../../Engine/Plugins/Developer/VisualStudioSourceCodeAccess/Binaries/Win64/UE4Editor-VisualStudioSourceCodeAccess.dll (API version 3944462).
LogModuleManager: Display: Found up-to-date module file ../../../Engine/Plugins/Editor/AssetManagerEditor/Binaries/Win64/UE4Editor-AssetManagerEditor.dll (API version 3944462).
LogModuleManager: Display: Found up-to-date module file ../../../Engine/Plugins/Editor/CryptoKeys/Binaries/Win64/UE4Editor-CryptoKeys.dll (API version 3944462).
LogModuleManager: Display: Found up-to-date module file ../../../Engine/Plugins/Editor/CryptoKeys/Binaries/Win64/UE4Editor-CryptoKeysOpenSSL.dll (API version 3944462).
LogModuleManager: Display: Found up-to-date module file ../../../Engine/Plugins/Editor/DataValidation/Binaries/Win64/UE4Editor-DataValidation.dll (API version 3944462).
LogModuleManager: Display: Found up-to-date module file ../../../Engine/Plugins/Editor/FacialAnimation/Binaries/Win64/UE4Editor-FacialAnimation.dll (API version 3944462).
LogModuleManager: Display: Found up-to-date module file ../../../Engine/Plugins/Editor/FacialAnimation/Binaries/Win64/UE4Editor-FacialAnimationEditor.dll (API version 3944462).
LogModuleManager: Display: Found up-to-date module file ../../../Engine/Plugins/Editor/GameplayTagsEditor/Binaries/Win64/UE4Editor-GameplayTagsEditor.dll (API version 3944462).
LogModuleManager: Display: Found up-to-date module file ../../../Engine/Plugins/Editor/MobileLauncherProfileWizard/Binaries/Win64/UE4Editor-MobileLauncherProfileWizard.dll (API version 3944462).
LogModuleManager: Display: Found up-to-date module file ../../../Engine/Plugins/Editor/PluginBrowser/Binaries/Win64/UE4Editor-PluginBrowser.dll (API version 3944462).
LogModuleManager: Display: Found up-to-date module file ../../../Engine/Plugins/Editor/SpeedTreeImporter/Binaries/Win64/UE4Editor-SpeedTreeImporter.dll (API version 3944462).
LogModuleManager: Display: Found up-to-date module file ../../../Engine/Plugins/Enterprise/DatasmithContent/Binaries/Win64/UE4Editor-DatasmithContent.dll (API version 3944462).
LogModuleManager: Display: Found up-to-date module file ../../../Engine/Plugins/Experimental/AlembicImporter/Binaries/Win64/UE4Editor-AlembicImporter.dll (API version 3944462).
LogModuleManager: Display: Found up-to-date module file ../../../Engine/Plugins/Experimental/AlembicImporter/Binaries/Win64/UE4Editor-AlembicLibrary.dll (API version 3944462).
LogModuleManager: Display: Found up-to-date module file ../../../Engine/Plugins/Experimental/CharacterAI/Binaries/Win64/UE4Editor-CharacterAI.dll (API version 3944462).
LogModuleManager: Display: Found up-to-date module file ../../../Engine/Plugins/Experimental/HTML5Networking/Binaries/Win64/UE4Editor-HTML5Networking.dll (API version 3944462).
LogModuleManager: Display: Found up-to-date module file ../../../Engine/Plugins/Media/AndroidMedia/Binaries/Win64/UE4Editor-AndroidMediaEditor.dll (API version 3944462).
LogModuleManager: Display: Found up-to-date module file ../../../Engine/Plugins/Media/AndroidMedia/Binaries/Win64/UE4Editor-AndroidMediaFactory.dll (API version 3944462).
LogModuleManager: Display: Found up-to-date module file ../../../Engine/Plugins/Media/AvfMedia/Binaries/Win64/UE4Editor-AvfMediaEditor.dll (API version 3944462).
LogModuleManager: Display: Found up-to-date module file ../../../Engine/Plugins/Media/AvfMedia/Binaries/Win64/UE4Editor-AvfMediaFactory.dll (API version 3944462).
LogModuleManager: Display: Found up-to-date module file ../../../Engine/Plugins/Media/AvfMedia/Binaries/Win64/UE4Editor-AvfMediaFactory.dll (API version 3944462).
LogModuleManager: Display: Found up-to-date module file ../../../Engine/Plugins/Media/ImgMedia/Binaries/Win64/UE4Editor-ImgMedia.dll (API version 3944462).
LogModuleManager: Display: Found up-to-date module file ../../../Engine/Plugins/Media/ImgMedia/Binaries/Win64/UE4Editor-ImgMediaEditor.dll (API version 3944462).
LogModuleManager: Display: Found up-to-date module file ../../../Engine/Plugins/Media/ImgMedia/Binaries/Win64/UE4Editor-ImgMediaFactory.dll (API version 3944462).
LogModuleManager: Display: Found up-to-date module file ../../../Engine/Plugins/Media/ImgMedia/Binaries/Win64/UE4Editor-ImgMediaFactory.dll (API version 3944462).
LogModuleManager: Display: Found up-to-date module file ../../../Engine/Plugins/Media/ImgMedia/Binaries/Win64/UE4Editor-OpenExrWrapper.dll (API version 3944462).
LogModuleManager: Display: Found up-to-date module file ../../../Engine/Plugins/Media/LinearTimecode/Binaries/Win64/UE4Editor-LinearTimecode.dll (API version 3944462).
LogModuleManager: Display: Found up-to-date module file ../../../Engine/Plugins/Media/MediaCompositing/Binaries/Win64/UE4Editor-MediaCompositing.dll (API version 3944462).
LogModuleManager: Display: Found up-to-date module file ../../../Engine/Plugins/Media/MediaCompositing/Binaries/Win64/UE4Editor-MediaCompositingEditor.dll (API version 3944462).
LogModuleManager: Display: Found up-to-date module file ../../../Engine/Plugins/Media/MediaPlayerEditor/Binaries/Win64/UE4Editor-MediaPlayerEditor.dll (API version 3944462).
LogModuleManager: Display: Found up-to-date module file ../../../Engine/Plugins/Media/WmfMedia/Binaries/Win64/UE4Editor-WmfMedia.dll (API version 3944462).
LogModuleManager: Display: Found up-to-date module file ../../../Engine/Plugins/Media/WmfMedia/Binaries/Win64/UE4Editor-WmfMediaEditor.dll (API version 3944462).
LogModuleManager: Display: Found up-to-date module file ../../../Engine/Plugins/Media/WmfMedia/Binaries/Win64/UE4Editor-WmfMediaFactory.dll (API version 3944462).
LogModuleManager: Display: Found up-to-date module file ../../../Engine/Plugins/Media/WmfMedia/Binaries/Win64/UE4Editor-WmfMediaFactory.dll (API version 3944462).
LogModuleManager: Display: Found up-to-date module file ../../../Engine/Plugins/Messaging/TcpMessaging/Binaries/Win64/UE4Editor-TcpMessaging.dll (API version 3944462).
LogModuleManager: Display: Found up-to-date module file ../../../Engine/Plugins/Messaging/UdpMessaging/Binaries/Win64/UE4Editor-UdpMessaging.dll (API version 3944462).
LogModuleManager: Display: Found up-to-date module file ../../../Engine/Plugins/MovieScene/ActorSequence/Binaries/Win64/UE4Editor-ActorSequence.dll (API version 3944462).
LogModuleManager: Display: Found up-to-date module file ../../../Engine/Plugins/MovieScene/LevelSequenceEditor/Binaries/Win64/UE4Editor-LevelSequenceEditor.dll (API version 3944462).
LogModuleManager: Display: Found up-to-date module file ../../../Engine/Plugins/MovieScene/MatineeToLevelSequence/Binaries/Win64/UE4Editor-MatineeToLevelSequence.dll (API version 3944462).
LogModuleManager: Display: Found up-to-date module file ../../../Engine/Plugins/NetcodeUnitTest/NetcodeUnitTest/Binaries/Win64/UE4Editor-NetcodeUnitTest.dll (API version 3944462).
LogModuleManager: Display: Found up-to-date module file ../../../Engine/Plugins/NetcodeUnitTest/NUTUnrealEngine4/Binaries/Win64/UE4Editor-NUTUnrealEngine4.dll (API version 3944462).
LogModuleManager: Display: Found up-to-date module file ../../../Engine/Plugins/Online/OnlineSubsystem/Binaries/Win64/UE4Editor-OnlineSubsystem.dll (API version 3944462).
LogModuleManager: Display: Found up-to-date module file ../../../Engine/Plugins/Runtime/AndroidPermission/Binaries/Win64/UE4Editor-AndroidPermission.dll (API version 3944462).
LogModuleManager: Display: Found up-to-date module file ../../../Engine/Plugins/Online/OnlineSubsystemNull/Binaries/Win64/UE4Editor-OnlineSubsystemNull.dll (API version 3944462).
LogModuleManager: Display: Found up-to-date module file ../../../Engine/Plugins/Online/OnlineSubsystemUtils/Binaries/Win64/UE4Editor-OnlineSubsystemUtils.dll (API version 3944462).
LogModuleManager: Display: Found up-to-date module file ../../../Engine/Plugins/Online/OnlineSubsystemUtils/Binaries/Win64/UE4Editor-OnlineBlueprintSupport.dll (API version 3944462).
LogModuleManager: Display: Found up-to-date module file ../../../Engine/Plugins/Runtime/AndroidDeviceProfileSelector/Binaries/Win64/UE4Editor-AndroidDeviceProfileSelector.dll (API version 3944462).
LogModuleManager: Display: Found up-to-date module file ../../../Engine/Plugins/Runtime/AppleARKit/Binaries/Win64/UE4Editor-AppleARKit.dll (API version 3944462).
LogModuleManager: Display: Found up-to-date module file ../../../Engine/Plugins/Runtime/ProceduralMeshComponent/Binaries/Win64/UE4Editor-ProceduralMeshComponent.dll (API version 3944462).
LogModuleManager: Display: Found up-to-date module file ../../../Engine/Plugins/Runtime/ProceduralMeshComponent/Binaries/Win64/UE4Editor-ProceduralMeshComponentEditor.dll (API version 3944462).
LogModuleManager: Display: Found up-to-date module file ../../../Engine/Plugins/Animation/LiveLink/Binaries/Win64/UE4Editor-LiveLink.dll (API version 3944462).
LogModuleManager: Display: Found up-to-date module file ../../../Engine/Plugins/Animation/LiveLink/Binaries/Win64/UE4Editor-LiveLinkEditor.dll (API version 3944462).
LogModuleManager: Display: Found up-to-date module file ../../../Engine/Plugins/Runtime/ArchVisCharacter/Binaries/Win64/UE4Editor-ArchVisCharacter.dll (API version 3944462).
LogModuleManager: Display: Found up-to-date module file ../../../Engine/Plugins/Runtime/AudioCapture/Binaries/Win64/UE4Editor-AudioCapture.dll (API version 3944462).
LogModuleManager: Display: Found up-to-date module file ../../../Engine/Plugins/Runtime/AudioCapture/Binaries/Win64/UE4Editor-AudioCaptureEditor.dll (API version 3944462).
LogModuleManager: Display: Found up-to-date module file ../../../Engine/Plugins/Runtime/CableComponent/Binaries/Win64/UE4Editor-CableComponent.dll (API version 3944462).
LogModuleManager: Display: Found up-to-date module file ../../../Engine/Plugins/Runtime/CustomMeshComponent/Binaries/Win64/UE4Editor-CustomMeshComponent.dll (API version 3944462).
LogModuleManager: Display: Found up-to-date module file ../../../Engine/Plugins/Runtime/ExampleDeviceProfileSelector/Binaries/Win64/UE4Editor-ExampleDeviceProfileSelector.dll (API version 3944462).
LogModuleManager: Display: Found up-to-date module file ../../../Engine/Plugins/Runtime/ImmediatePhysics/Binaries/Win64/UE4Editor-ImmediatePhysics.dll (API version 3944462).
LogModuleManager: Display: Found up-to-date module file ../../../Engine/Plugins/Runtime/ImmediatePhysics/Binaries/Win64/UE4Editor-ImmediatePhysicsEditor.dll (API version 3944462).
LogModuleManager: Display: Found up-to-date module file ../../../Engine/Plugins/Runtime/LocationServicesBPLibrary/Binaries/Win64/UE4Editor-LocationServicesBPLibrary.dll (API version 3944462).
LogModuleManager: Display: Found up-to-date module file ../../../Engine/Plugins/Runtime/MobilePatchingUtils/Binaries/Win64/UE4Editor-MobilePatchingUtils.dll (API version 3944462).
LogModuleManager: Display: Found up-to-date module file ../../../Engine/Plugins/Runtime/Oculus/OculusVR/Binaries/Win64/UE4Editor-OculusHMD.dll (API version 3944462).
LogModuleManager: Display: Found up-to-date module file ../../../Engine/Plugins/Runtime/Oculus/OculusVR/Binaries/Win64/UE4Editor-OculusInput.dll (API version 3944462).
LogModuleManager: Display: Found up-to-date module file ../../../Engine/Plugins/Runtime/Oculus/OculusVR/Binaries/Win64/UE4Editor-OculusEditor.dll (API version 3944462).
LogModuleManager: Display: Found up-to-date module file ../../../Engine/Plugins/Runtime/PhysXVehicles/Binaries/Win64/UE4Editor-PhysXVehicles.dll (API version 3944462).
LogModuleManager: Display: Found up-to-date module file ../../../Engine/Plugins/Runtime/PhysXVehicles/Binaries/Win64/UE4Editor-PhysXVehiclesEditor.dll (API version 3944462).
LogModuleManager: Display: Found up-to-date module file ../../../Engine/Plugins/Runtime/RuntimePhysXCooking/Binaries/Win64/UE4Editor-RuntimePhysXCooking.dll (API version 3944462).
LogModuleManager: Display: Found up-to-date module file ../../../Engine/Plugins/Runtime/Steam/SteamVR/Binaries/Win64/UE4Editor-SteamVR.dll (API version 3944462).
LogModuleManager: Display: Found up-to-date module file ../../../Engine/Plugins/Runtime/Steam/SteamVR/Binaries/Win64/UE4Editor-SteamVRController.dll (API version 3944462).
LogModuleManager: Display: Found up-to-date module file ../../../Engine/Plugins/Runtime/WindowsMoviePlayer/Binaries/Win64/UE4Editor-WindowsMoviePlayer.dll (API version 3944462).
LogPluginManager: Mounting plugin Paper2D
LogPluginManager: Mounting plugin LiveLink
LogPluginManager: Mounting plugin LightPropagationVolume
LogPluginManager: Mounting plugin CLionSourceCodeAccess
LogPluginManager: Mounting plugin CodeLiteSourceCodeAccess
LogPluginManager: Mounting plugin GitSourceControl
LogPluginManager: Mounting plugin KDevelopSourceCodeAccess
LogPluginManager: Mounting plugin NullSourceCodeAccess
LogPluginManager: Mounting plugin PerforceSourceControl
LogPluginManager: Mounting plugin SubversionSourceControl
LogPluginManager: Mounting plugin UObjectPlugin
LogPluginManager: Mounting plugin VisualStudioCodeSourceCodeAccess
LogPluginManager: Mounting plugin VisualStudioSourceCodeAccess
LogPluginManager: Mounting plugin XCodeSourceCodeAccess
LogPluginManager: Mounting plugin AssetManagerEditor
LogPluginManager: Mounting plugin CryptoKeys
LogPluginManager: Mounting plugin DataValidation
LogPluginManager: Mounting plugin FacialAnimation
LogPluginManager: Mounting plugin GameplayTagsEditor
LogPluginManager: Mounting plugin MobileLauncherProfileWizard
LogPluginManager: Mounting plugin PluginBrowser
LogPluginManager: Mounting plugin SpeedTreeImporter
LogPluginManager: Mounting plugin DatasmithContent
LogPluginManager: Mounting plugin AlembicImporter
LogPluginManager: Mounting plugin CharacterAI
LogPluginManager: Mounting plugin HTML5Networking
LogPluginManager: Mounting plugin AndroidMedia
LogPluginManager: Mounting plugin AvfMedia
LogPluginManager: Mounting plugin ImgMedia
LogPluginManager: Mounting plugin LinearTimecode
LogPluginManager: Mounting plugin MediaCompositing
LogPluginManager: Mounting plugin MediaPlayerEditor
LogPluginManager: Mounting plugin WmfMedia
LogPluginManager: Mounting plugin TcpMessaging
LogPluginManager: Mounting plugin UdpMessaging
LogPluginManager: Mounting plugin ActorSequence
LogPluginManager: Mounting plugin LevelSequenceEditor
LogPluginManager: Mounting plugin MatineeToLevelSequence
LogPluginManager: Mounting plugin NetcodeUnitTest
LogPluginManager: Mounting plugin NUTUnrealEngine4
LogPluginManager: Mounting plugin OnlineSubsystemGooglePlay
LogPluginManager: Mounting plugin OnlineSubsystemIOS
LogPluginManager: Mounting plugin OnlineSubsystem
LogPluginManager: Mounting plugin OnlineSubsystemNull
LogPluginManager: Mounting plugin OnlineSubsystemUtils
LogPluginManager: Mounting plugin AndroidDeviceProfileSelector
LogPluginManager: Mounting plugin AndroidMoviePlayer
LogPluginManager: Mounting plugin AndroidPermission
LogPluginManager: Mounting plugin AppleARKit
LogPluginManager: Mounting plugin AppleMoviePlayer
LogPluginManager: Mounting plugin ArchVisCharacter
LogPluginManager: Mounting plugin AudioCapture
LogPluginManager: Mounting plugin CableComponent
LogPluginManager: Mounting plugin CustomMeshComponent
LogPluginManager: Mounting plugin ExampleDeviceProfileSelector
LogPluginManager: Mounting plugin GoogleCloudMessaging
LogPluginManager: Mounting plugin ImmediatePhysics
LogPluginManager: Mounting plugin IOSDeviceProfileSelector
LogPluginManager: Mounting plugin LinuxDeviceProfileSelector
LogPluginManager: Mounting plugin LocationServicesBPLibrary
LogPluginManager: Mounting plugin MobilePatchingUtils
LogPluginManager: Mounting plugin OculusVR
LogPluginManager: Plugin shader directory ../../../Engine/Plugins/Runtime/Oculus/OculusVR/Shaders found
LogPluginManager: Mapping shader source directory ../../../Engine/Plugins/Runtime/Oculus/OculusVR/Shaders to virtual directory /Plugin/OculusVR
LogPluginManager: Mounting plugin PhysXVehicles
LogPluginManager: Mounting plugin ProceduralMeshComponent
LogPluginManager: Mounting plugin RuntimePhysXCooking
LogPluginManager: Mounting plugin SteamVR
LogPluginManager: Mounting plugin WindowsMoviePlayer
LogStreaming: Display: Took  2.999s to configure plugins.
LogInit: Using libcurl 7.47.1
LogInit:  - built for x86_64-pc-win32
LogInit:  - supports SSL with OpenSSL/1.0.2g
LogInit:  - supports HTTP deflate (compression) using libz 1.2.8
LogInit:  - other features:
LogInit:      CURL_VERSION_SSL
LogInit:      CURL_VERSION_LIBZ
LogInit:      CURL_VERSION_IPV6
LogInit:      CURL_VERSION_ASYNCHDNS
LogInit:      CURL_VERSION_LARGEFILE
LogInit:      CURL_VERSION_IDN
LogInit:  CurlRequestOptions (configurable via config and command line):
LogInit:  - bVerifyPeer = false  - Libcurl will NOT verify peer certificate
LogInit:  - bUseHttpProxy = false  - Libcurl will NOT use HTTP proxy
LogInit:  - bDontReuseConnections = false  - Libcurl will reuse connections
LogInit:  - CertBundlePath = nullptr  - Libcurl will use whatever was configured at build time.
LogInit:  - MaxHostConnections = 16  - Libcurl will limit the number of connections to a host
LogInit:  - LocalHostAddr = Default
LogInit: WinSock: version 1.1 (2.2), MaxSocks=32767, MaxUdp=65467
LogInit: WinSock: I am DESKTOP-MIASDKN (192.168.0.25:0)
LogInit: Build: ++UE4+Release-4.19-CL-4033788
LogInit: Engine Version: 4.19.2-4033788+++UE4+Release-4.19
LogInit: Compatible Engine Version: 4.19.0-3944462+++UE4+Release-4.19
LogInit: Net CL: 3944462
LogDevObjectVersion: Number of dev versions registered: 18
LogDevObjectVersion:   Dev-Blueprints (B0D832E4-1F89-4F0D-ACCF-7EB736FD4AA2): 10
LogDevObjectVersion:   Dev-Build (E1C64328-A22C-4D53-A36C-8E866417BD8C): 0
LogDevObjectVersion:   Dev-Core (375EC13C-06E4-48FB-B500-84F0262A717E): 2
LogDevObjectVersion:   Dev-Editor (E4B068ED-F494-42E9-A231-DA0B2E46BB41): 23
LogDevObjectVersion:   Dev-Framework (CFFC743F-43B0-4480-9391-14DF171D2073): 33
LogDevObjectVersion:   Dev-Mobile (B02B49B5-BB20-44E9-A304-32B752E40360): 2
LogDevObjectVersion:   Dev-Networking (A4E4105C-59A1-49B5-A7C5-40C4547EDFEE): 0
LogDevObjectVersion:   Dev-Online (39C831C9-5AE6-47DC-9A44-9C173E1C8E7C): 0
LogDevObjectVersion:   Dev-Physics (78F01B33-EBEA-4F98-B9B4-84EACCB95AA2): 0
LogDevObjectVersion:   Dev-Platform (6631380F-2D4D-43E0-8009-CF276956A95A): 0
LogDevObjectVersion:   Dev-Rendering (12F88B9F-8875-4AFC-A67C-D90C383ABD29): 25
LogDevObjectVersion:   Dev-Sequencer (7B5AE74C-D270-4C10-A958-57980B212A5A): 6
LogDevObjectVersion:   Dev-VR (D7296918-1DD6-4BDD-9DE2-64A83CC13884): 1
LogDevObjectVersion:   Dev-LoadTimes (C2A15278-BFE7-4AFE-6C17-90FF531DF755): 1
LogDevObjectVersion:   Private-Geometry (6EACA3D4-40EC-4CC1-B786-8BED09428FC5): 2
LogDevObjectVersion:   Dev-AnimPhys (29E575DD-E0A3-4627-9D10-D276232CDCEA): 16
LogDevObjectVersion:   Dev-ReflectionCapture (6B266CEC-1EC7-4B8F-A30B-E4D90942FC07): 1
LogDevObjectVersion:   Dev-Automation (0DF73D61-A23F-47EA-B727-89E90C41499A): 1
LogInit: Compiled (64-bit): Apr 27 2018 02:06:57
LogInit: Compiled with Visual C++: 19.00.24215.01
LogInit: Build Configuration: Development
LogInit: Branch Name: ++UE4+Release-4.19
LogInit: Command Line: 
LogInit: Base Directory: D:/UE_4.19/Engine/Binaries/Win64/
LogInit: Installed Engine Build: 1
LogStreaming: Display: Took  0.238s to delete old logs.
LogInit: Presizing for max 8388607 objects, including 0 objects not considered by GC, pre-allocating 0 bytes for permanent pool.
LogInit: Object subsystem initialized
[2018.07.24-18.28.14:738][  0]LogInit: Selected Device Profile: [Windows]
[2018.07.24-18.28.14:738][  0]LogInit: Applying CVar settings loaded from the selected device profile: [Windows]
[2018.07.24-18.28.14:976][  0]LogInit: Computer: DESKTOP-MIASDKN
[2018.07.24-18.28.14:976][  0]LogInit: User: DKG
[2018.07.24-18.28.14:976][  0]LogInit: CPU Page size=4096, Cores=4
[2018.07.24-18.28.14:976][  0]LogInit: High frequency timer resolution =2.742183 MHz
[2018.07.24-18.28.14:976][  0]LogMemory: Memory total: Physical=15.9GB (16GB approx)
[2018.07.24-18.28.14:976][  0]LogMemory: Platform Memory Stats for Windows
[2018.07.24-18.28.14:976][  0]LogMemory: Process Physical Memory: 275.02 MB used, 275.02 MB peak
[2018.07.24-18.28.14:976][  0]LogMemory: Process Virtual Memory: 264.74 MB used, 264.74 MB peak
[2018.07.24-18.28.14:976][  0]LogMemory: Physical Memory: 7409.66 MB used,  8847.37 MB free, 16257.03 MB total
[2018.07.24-18.28.14:976][  0]LogMemory: Virtual Memory: 4794.19 MB used,  8847.37 MB free, 134217728.00 MB total
[2018.07.24-18.28.15:243][  0]LogInit: Using OS detected language (en-US).
[2018.07.24-18.28.15:243][  0]LogInit: Using OS detected locale (en-CA).
[2018.07.24-18.28.15:246][  0]LogTextLocalizationManager: No specific localization for 'en-US' exists, so the 'en' localization will be used.
[2018.07.24-18.28.15:679][  0]LogStreaming: Display: Took  0.435s to EndInitTextLocalization.
[2018.07.24-18.28.15:679][  0]LogInit: Setting process to per monitor DPI aware
[2018.07.24-18.28.15:706][  0]LogSlate: New Slate User Created.  User Index 0, Is Virtual User: 0
[2018.07.24-18.28.15:706][  0]LogSlate: Slate User Registered.  User Index 0, Is Virtual User: 0
[2018.07.24-18.28.15:877][  0]LogD3D11RHI: D3D11 adapters:
[2018.07.24-18.28.15:939][  0]LogD3D11RHI:    0. 'NVIDIA GeForce GTX 1070' (Feature Level 11_0)
[2018.07.24-18.28.15:939][  0]LogD3D11RHI:       8081/0/8128 MB DedicatedVideo/DedicatedSystem/SharedSystem, Outputs:1, VendorId:0x10de
[2018.07.24-18.28.16:449][  0]LogD3D11RHI:    1. 'Intel(R) HD Graphics 630' (Feature Level 11_0)
[2018.07.24-18.28.16:449][  0]LogD3D11RHI:       128/0/8128 MB DedicatedVideo/DedicatedSystem/SharedSystem, Outputs:0, VendorId:0x8086
[2018.07.24-18.28.16:452][  0]LogD3D11RHI:    2. 'Microsoft Basic Render Driver' (Feature Level 11_0)
[2018.07.24-18.28.16:452][  0]LogD3D11RHI:       0/0/8128 MB DedicatedVideo/DedicatedSystem/SharedSystem, Outputs:0, VendorId:0x1414
[2018.07.24-18.28.16:452][  0]LogD3D11RHI: Chosen D3D11 Adapter: 0
[2018.07.24-18.28.16:461][  0]LogD3D11RHI: Creating new Direct3DDevice
[2018.07.24-18.28.16:461][  0]LogD3D11RHI:     GPU DeviceId: 0x1be1 (for the marketing name, search the web for "GPU Device Id")
[2018.07.24-18.28.16:461][  0]LogWindows: EnumDisplayDevices:
[2018.07.24-18.28.16:461][  0]LogWindows:    0. 'NVIDIA GeForce GTX 1070' (P:1 D:1)
[2018.07.24-18.28.16:461][  0]LogWindows:    1. 'NVIDIA GeForce GTX 1070' (P:0 D:0)
[2018.07.24-18.28.16:461][  0]LogWindows:    2. 'NVIDIA GeForce GTX 1070' (P:0 D:0)
[2018.07.24-18.28.16:461][  0]LogWindows:    3. 'NVIDIA GeForce GTX 1070' (P:0 D:0)
[2018.07.24-18.28.16:462][  0]LogWindows:    4. 'Intel(R) HD Graphics 630' (P:0 D:0)
[2018.07.24-18.28.16:462][  0]LogWindows:    5. 'Intel(R) HD Graphics 630' (P:0 D:0)
[2018.07.24-18.28.16:462][  0]LogWindows:    6. 'Intel(R) HD Graphics 630' (P:0 D:0)
[2018.07.24-18.28.16:462][  0]LogWindows: DebugString: GetVideoDriverDetailsInvalid PrimaryIsNotTheChoosenAdapter GetVideoDriverDetailsInvalid PrimaryIsNotTheChoosenAdapter GetVideoDriverDetailsInvalid PrimaryIsNotTheChoosenAdapter GetVideoDriverDetailsInvalid PrimaryIsNotTheChoosenAdapter GetVideoDriverDetailsInvalid PrimaryIsNotTheChoosenAdapter GetVideoDriverDetailsInvalid PrimaryIsNotTheChoosenAdapter GetVideoDriverDetailsInvalid PrimaryIsNotTheChoosenAdapter FoundDriverCount:0 
[2018.07.24-18.28.16:462][  0]LogD3D11RHI:     Adapter Name: NVIDIA GeForce GTX 1070
[2018.07.24-18.28.16:462][  0]LogD3D11RHI:   Driver Version: Unknown (internal:Unknown, unified:Unknown)
[2018.07.24-18.28.16:462][  0]LogD3D11RHI:      Driver Date: Unknown
[2018.07.24-18.28.16:462][  0]LogRHI: Texture pool is 5656 MB (70% of 8081 MB)
[2018.07.24-18.28.16:508][  0]LogD3D11RHI: [Aftermath] Aftermath enabled and primed
[2018.07.24-18.28.16:508][  0]LogD3D11RHI: [Aftermath] Aftermath enabled and primed
[2018.07.24-18.28.16:508][  0]LogD3D11RHI: Async texture creation enabled
[2018.07.24-18.28.16:529][  0]LogD3D11RHI: GPU Timing Frequency: 1000.000000 (Debug: 2 2)
[2018.07.24-18.28.16:576][  0]LogShaderCompilers: Guid format shader working directory is -17 characters bigger than the processId version (../../../../GameDev/_projects/Unreal Projects/D2dSideScroller/Intermediate/Shaders/WorkingDirectory/5444/).
[2018.07.24-18.28.16:576][  0]LogShaderCompilers: Cleaned the shader compiler working directory 'C:/Users/DKG/AppData/Local/Temp/UnrealShaderWorkingDir/B165201948DF7F330D7A29BA3C27C6E9/'.
[2018.07.24-18.28.16:791][  0]LogTemp: Display: Loaded TP AllDesktopTargetPlatform
[2018.07.24-18.28.16:810][  0]LogTemp: Display: Loaded TP MacClientTargetPlatform
[2018.07.24-18.28.16:823][  0]LogTemp: Display: Loaded TP MacNoEditorTargetPlatform
[2018.07.24-18.28.16:836][  0]LogTemp: Display: Loaded TP MacServerTargetPlatform
[2018.07.24-18.28.16:852][  0]LogTemp: Display: Loaded TP MacTargetPlatform
[2018.07.24-18.28.16:865][  0]LogTemp: Display: Loaded TP WindowsClientTargetPlatform
[2018.07.24-18.28.16:879][  0]LogTemp: Display: Loaded TP WindowsNoEditorTargetPlatform
[2018.07.24-18.28.16:894][  0]LogTemp: Display: Loaded TP WindowsServerTargetPlatform
[2018.07.24-18.28.16:899][  0]LogTemp: Display: Loaded TP WindowsTargetPlatform
[2018.07.24-18.28.16:912][  0]LogTemp: Display: Loaded TP Android_ASTCTargetPlatform
[2018.07.24-18.28.16:924][  0]LogTemp: Display: Loaded TP Android_ATCTargetPlatform
[2018.07.24-18.28.16:937][  0]LogTemp: Display: Loaded TP Android_DXTTargetPlatform
[2018.07.24-18.28.16:949][  0]LogTemp: Display: Loaded TP Android_ETC1aTargetPlatform
[2018.07.24-18.28.16:962][  0]LogTemp: Display: Loaded TP Android_ETC1TargetPlatform
[2018.07.24-18.28.16:975][  0]LogTemp: Display: Loaded TP Android_ETC2TargetPlatform
[2018.07.24-18.28.17:001][  0]LogTemp: Display: Loaded TP Android_MultiTargetPlatform
[2018.07.24-18.28.17:001][  0]LogTemp: Display: Loaded TP Android_PVRTCTargetPlatform
[2018.07.24-18.28.17:015][  0]LogTemp: Display: Loaded TP AndroidTargetPlatform
[2018.07.24-18.28.17:016][  0]LogTemp: Display: Loaded TP HTML5TargetPlatform
[2018.07.24-18.28.17:051][  0]LogTemp: Display: Loaded TP IOSTargetPlatform
[2018.07.24-18.28.17:062][  0]LogTemp: Display: Loaded TP TVOSTargetPlatform
[2018.07.24-18.28.17:075][  0]LogTemp: Display: Loaded TP LinuxClientTargetPlatform
[2018.07.24-18.28.17:087][  0]LogTemp: Display: Loaded TP LinuxNoEditorTargetPlatform
[2018.07.24-18.28.17:099][  0]LogTemp: Display: Loaded TP LinuxServerTargetPlatform
[2018.07.24-18.28.17:112][  0]LogTemp: Display: Loaded TP LinuxTargetPlatform
[2018.07.24-18.28.17:112][  0]LogTargetPlatformManager: Display: Building Assets For Windows
[2018.07.24-18.28.17:197][  0]LogXGEController: Cannot use XGE Controller as Incredibuild is not installed on this machine.
[2018.07.24-18.28.17:197][  0]LogShaderCompilers: Cannot use XGE Shader Compiler as Incredibuild is not installed on this machine.
[2018.07.24-18.28.17:197][  0]LogShaderCompilers: Display: Using Local Shader Compiler.
[2018.07.24-18.28.17:864][  0]LogDerivedDataCache: Display: Max Cache Size: 512 MB
[2018.07.24-18.28.17:935][  0]LogDerivedDataCache: Loaded boot cache 0.07s 74MB C:/Users/DKG/AppData/Local/UnrealEngine/4.19/DerivedDataCache/Boot.ddc.
[2018.07.24-18.28.17:935][  0]LogDerivedDataCache: Display: Loaded Boot cache: C:/Users/DKG/AppData/Local/UnrealEngine/4.19/DerivedDataCache/Boot.ddc
[2018.07.24-18.28.17:935][  0]LogDerivedDataCache: FDerivedDataBackendGraph:  Pak pak cache file ../../../../GameDev/_projects/Unreal Projects/D2dSideScroller/DerivedDataCache/DDC.ddp not found, will not use a pak cache.
[2018.07.24-18.28.17:935][  0]LogDerivedDataCache: Unable to find inner node Pak for hierarchical cache Hierarchy.
[2018.07.24-18.28.17:935][  0]LogDerivedDataCache: FDerivedDataBackendGraph:  CompressedPak pak cache file ../../../../GameDev/_projects/Unreal Projects/D2dSideScroller/DerivedDataCache/Compressed.ddp not found, will not use a pak cache.
[2018.07.24-18.28.17:935][  0]LogDerivedDataCache: Unable to find inner node CompressedPak for hierarchical cache Hierarchy.
[2018.07.24-18.28.17:952][  0]LogDerivedDataCache: Display: Pak cache opened for reading ../../../Engine/DerivedDataCache/Compressed.ddp.
[2018.07.24-18.28.17:964][  0]LogDerivedDataCache: Using Local data cache path C:/Users/DKG/AppData/Local/UnrealEngine/Common/DerivedDataCache: Writable
[2018.07.24-18.28.17:964][  0]LogDerivedDataCache: Shared data cache path not found in *engine.ini, will not use an Shared cache.
[2018.07.24-18.28.17:964][  0]LogDerivedDataCache: Unable to find inner node Shared for hierarchical cache Hierarchy.
[2018.07.24-18.28.17:976][  0]LogMaterial: Verifying Global Shaders for PCD3D_SM5
[2018.07.24-18.28.17:976][  0]LogSlate: Using Freetype 2.6.0
[2018.07.24-18.28.17:977][  0]LogSlate: SlateFontCache - WITH_FREETYPE: 1, WITH_HARFBUZZ: 1
[2018.07.24-18.28.17:977][  0]LogSlate: SlateFontCache - WITH_FREETYPE: 1, WITH_HARFBUZZ: 1
[2018.07.24-18.28.18:088][  0]LogAssetRegistry: FAssetRegistry took 0.0297 seconds to start up
[2018.07.24-18.28.18:393][  0]LogInit: Selected Device Profile: [Windows]
[2018.07.24-18.28.18:534][  0]LogSimplygon: Simplygon DLL not present - disabling.
[2018.07.24-18.28.18:536][  0]LogMeshReduction: Using SimplygonSwarm for distributed automatic mesh merging
[2018.07.24-18.28.18:536][  0]LogMeshReduction: Using QuadricMeshReduction for automatic static mesh reduction
[2018.07.24-18.28.18:536][  0]LogMeshReduction: No automatic skeletal mesh reduction module available
[2018.07.24-18.28.18:536][  0]LogMeshReduction: No automatic mesh merging module available
[2018.07.24-18.28.18:536][  0]LogMeshMerging: No automatic mesh merging module available
[2018.07.24-18.28.18:567][  0]LogNetVersion: D2dSideScroller , NetCL: 3944462, EngineNetVer: 2, GameNetVer: 0 (Checksum: 2729584999)
[2018.07.24-18.28.20:122][  0]LogPackageLocalizationCache: Processed 9 localized package path(s) for 2 prioritized culture(s) in 0.390101 seconds
[2018.07.24-18.28.20:129][  0]LogUObjectArray: 36728 objects as part of root set at end of initial load.
[2018.07.24-18.28.20:129][  0]LogUObjectAllocator: 7314312 out of 0 bytes used by permanent object pool.
[2018.07.24-18.28.20:129][  0]LogUObjectArray: CloseDisregardForGC: 0/0 objects in disregard for GC pool
[2018.07.24-18.28.21:936][  0]LogTcpMessaging: Initializing TcpMessaging bridge
[2018.07.24-18.28.21:959][  0]LogUdpMessaging: Initializing bridge on interface 0.0.0.0:0 to multicast group 230.0.0.1:6666.
[2018.07.24-18.28.22:295][  0]SourceControl: Source control is disabled
[2018.07.24-18.28.22:295][  0]SourceControl: Source control is disabled
[2018.07.24-18.28.22:307][  0]SourceControl: Source control is disabled
[2018.07.24-18.28.22:318][  0]SourceControl: Source control is disabled
[2018.07.24-18.28.22:711][  0]LogAndroidPermission: UAndroidPermissionCallbackProxy::GetInstance
[2018.07.24-18.28.22:847][  0]LogOcInput: OculusInput pre-init called
[2018.07.24-18.28.22:939][  0]LogEngine: Initializing Engine...
[2018.07.24-18.28.28:390][  0]LogHMD: Failed to initialize OpenVR with code 108
[2018.07.24-18.28.28:391][  0]LogStats: UGameplayTagsManager::ConstructGameplayTagTree: Construct from data asset -  0.000 s
[2018.07.24-18.28.28:391][  0]LogStats: UGameplayTagsManager::ConstructGameplayTagTree: GameplayTagTreeChangedEvent.Broadcast -  0.000 s
[2018.07.24-18.28.28:642][  0]LogAIModule: Creating AISystem for world Untitled
[2018.07.24-18.28.28:720][  0]LogInit: XAudio2 using 'Speakers / Headphones (Realtek Audio)' : 6 channels at 48 kHz using 32 bits per sample (channel mask 0x3f)
[2018.07.24-18.28.28:795][  0]LogInit: FAudioDevice initialized.
[2018.07.24-18.28.28:945][  0]LogDerivedDataCache: Saved boot cache 0.15s 74MB C:/Users/DKG/AppData/Local/UnrealEngine/4.19/DerivedDataCache/Boot.ddc.
[2018.07.24-18.28.28:960][  0]LogInit: Texture streaming: Enabled
[2018.07.24-18.28.28:975][  0]LogEngineSessionManager: EngineSessionManager initialized
[2018.07.24-18.28.29:015][  0]LogInit: Transaction tracking system initialized
[2018.07.24-18.28.29:035][  0]BlueprintLog: New page: Editor Load
[2018.07.24-18.28.29:125][  0]LocalizationService: Localization service is disabled
[2018.07.24-18.28.29:228][  0]LogConsoleResponse: Display: 
[2018.07.24-18.28.29:556][  0]LogCook: Display: Max memory allowance for cook 16384mb min free memory 0mb
[2018.07.24-18.28.29:556][  0]LogCook: Display: Mobile HDR setting 1
[2018.07.24-18.28.29:556][  0]LogGameplayTags: Display: UGameplayTagsManager::DoneAddingNativeTags. DelegateIsBound: 0
[2018.07.24-18.28.29:556][  0]LogStats: UGameplayTagsManager::ConstructGameplayTagTree: Construct from data asset -  0.000 s
[2018.07.24-18.28.29:556][  0]LogStats: UGameplayTagsManager::ConstructGameplayTagTree: GameplayTagTreeChangedEvent.Broadcast -  0.000 s
[2018.07.24-18.28.29:827][  0]LogFileCache: Scanning file cache for directory 'D:/GameDev/_projects/Unreal Projects/D2dSideScroller/Content/' took 0.04s
[2018.07.24-18.28.29:827][  0]SourceControl: Source control is disabled
[2018.07.24-18.28.29:827][  0]Cmd: MAP LOAD FILE="../../../../GameDev/_projects/Unreal Projects/D2dSideScroller/Content/Demo/Maps/LoadingScreen.umap" TEMPLATE=0 SHOWPROGRESS=1 FEATURELEVEL=3
[2018.07.24-18.28.29:909][  0]LightingResults: New page: Lighting Build
[2018.07.24-18.28.29:911][  0]MapCheck: New page: Map Check
[2018.07.24-18.28.29:911][  0]LightingResults: New page: Lighting Build
[2018.07.24-18.28.32:429][  0]LogUObjectGlobals: Created PersistentFrame Addr=0x000001560c007170, Size=16, Default__LoadingScreen_C Function /Game/Demo/Maps/LoadingScreen.LoadingScreen_C:ExecuteUbergraph_LoadingScreen
[2018.07.24-18.28.32:430][  0]LogUObjectGlobals: Destroyed PersistentFrame Addr=0x000001560c007170, Size=16
[2018.07.24-18.28.32:430][  0]LogUObjectGlobals: Created PersistentFrame Addr=0x000001560c007170, Size=16, Default__LoadingScreen_C Function /Engine/Transient.REINST_LoadingScreen_C_5:ExecuteUbergraph_LoadingScreen
[2018.07.24-18.28.32:487][  0]LogUObjectGlobals: Created PersistentFrame Addr=0x000001560c006ba0, Size=16, Default__LoadingScreen_C Function /Game/Demo/Maps/LoadingScreen.LoadingScreen_C:ExecuteUbergraph_LoadingScreen
[2018.07.24-18.28.32:560][  0]LogAIModule: Creating AISystem for world LoadingScreen
[2018.07.24-18.28.32:607][  0]LogEditorServer: Finished looking for orphan Actors (0.000 secs)
[2018.07.24-18.28.32:617][  0]LogUObjectGlobals: Destroyed PersistentFrame Addr=0x000001560c007170, Size=16
[2018.07.24-18.28.32:635][  0]Cmd: MAP CHECKDEP NOCLEARLOG
[2018.07.24-18.28.32:676][  0]MapCheck: Map check complete: 0 Error(s), 0 Warning(s), took 40.186ms to complete.
[2018.07.24-18.28.32:676][  0]LogFileHelpers: Loading map 'LoadingScreen' took 2.848
[2018.07.24-18.28.35:874][  0]LogCollectionManager: Loaded 0 collections in 0.000861 seconds
[2018.07.24-18.28.35:942][  0]LogFileCache: Scanning file cache for directory 'D:/GameDev/_projects/Unreal Projects/D2dSideScroller/Saved/Collections/' took 0.01s
[2018.07.24-18.28.35:942][  0]LogFileCache: Scanning file cache for directory 'D:/GameDev/_projects/Unreal Projects/D2dSideScroller/Content/Developers/DKG/Collections/' took 0.01s
[2018.07.24-18.28.35:942][  0]LogFileCache: Scanning file cache for directory 'D:/GameDev/_projects/Unreal Projects/D2dSideScroller/Content/Collections/' took 0.01s
[2018.07.24-18.28.35:942][  0]LogCollectionManager: Rebuilt the GUID cache for 0 collections in 0.000000 seconds
[2018.07.24-18.28.35:952][  0]LogContentBrowser: Native class hierarchy populated in 0.0094 seconds. Added 2453 classes and 560 folders.
[2018.07.24-18.28.36:019][  0]LogContentBrowser: Native class hierarchy updated for 'WidgetCarousel' in 0.0003 seconds. Added 0 classes and 0 folders.
[2018.07.24-18.28.38:007][  0]LogContentBrowser: Native class hierarchy updated for 'AddContentDialog' in 0.0002 seconds. Added 0 classes and 0 folders.
[2018.07.24-18.28.38:231][  0]LogSlate: Took 0.000262 seconds to synchronously load lazily loaded font '../../../Engine/Content/Slate/Fonts/Roboto-Regular.ttf' (155K)
[2018.07.24-18.28.38:234][  0]LogSlate: Took 0.000577 seconds to synchronously load lazily loaded font '../../../Engine/Content/Slate/Fonts/Roboto-Bold.ttf' (160K)
[2018.07.24-18.28.38:314][  0]LogSlate: Took 0.025654 seconds to synchronously load lazily loaded font '../../../Engine/Content/Editor/Slate/Fonts/FontAwesome.ttf' (139K)
[2018.07.24-18.28.39:048][  0]LogRenderer: Reallocating scene render targets to support 1068x512 Format 10 NumSamples 1 (Frame:1).
[2018.07.24-18.28.39:949][  0]LogContentBrowser: Native class hierarchy updated for 'HierarchicalLODOutliner' in 0.0002 seconds. Added 0 classes and 0 folders.
[2018.07.24-18.28.39:949][  0]LogLoad: (Engine Initialization) Total time: 34.06 seconds
[2018.07.24-18.28.39:949][  0]LogLoad: (Engine Initialization) Total Blueprint compile time: 0.00 seconds
[2018.07.24-18.28.40:358][  0]LogContentStreaming: Texture pool size now 1000 MB
[2018.07.24-18.28.40:648][  1]LogAssetRegistry: Asset discovery search completed in 22.5837 seconds
[2018.07.24-18.28.40:650][  1]LogCollectionManager: Rebuilt the object cache for 0 collections in 0.000000 seconds (found 0 objects)
[2018.07.24-18.28.40:650][  1]LogCollectionManager: Fixed up redirectors for 0 collections in 0.000066 seconds (updated 0 objects)
[2018.07.24-18.28.45:287][ 15]LogSlate: FSceneViewport::OnFocusLost() reason 0
[2018.07.24-18.29.16:960][585]LogSlate: Took 0.010660 seconds to synchronously load lazily loaded font '../../../Engine/Content/Slate/Fonts/Roboto-Light.ttf' (167K)
[2018.07.24-18.29.17:010][585]LogFactory: FactoryCreateFile: Texture with ReimportTextureFactory (0 0 D:\Downloads\grassdirt-big.png)
[2018.07.24-18.29.17:342][585]LogTexture: Display: Building textures: grassdirt-big (AutoDXT, 2048X2048)
[2018.07.24-18.29.25:865][771]LogSlate: Took 0.037085 seconds to synchronously load lazily loaded font '../../../Engine/Content/Slate/Fonts/Roboto-BoldCondensed.ttf' (158K)
[2018.07.24-18.29.27:921][877]LogSlate: Window 'Extract sprites' being destroyed
[2018.07.24-18.29.37:223][382]LogUObjectGlobals: Created PersistentFrame Addr=0x000001561d2bb2a0, Size=4, Default__Explosion_C Function /Game/Demo/Blueprints/Explosion.Explosion_C:ExecuteUbergraph_Explosion
[2018.07.24-18.29.37:385][382]LogUObjectGlobals: Created PersistentFrame Addr=0x000001567a47bb20, Size=96, Default__BP_Shot_C Function /Game/Demo/Blueprints/BP_Shot.BP_Shot_C:ExecuteUbergraph_BP_Shot
[2018.07.24-18.29.37:394][382]LogUObjectGlobals: Destroyed PersistentFrame Addr=0x000001567a47bb20, Size=96
[2018.07.24-18.29.37:394][382]LogUObjectGlobals: Created PersistentFrame Addr=0x000001567a47bb20, Size=96, Default__BP_Shot_C Function /Engine/Transient.REINST_BP_Shot_C_9:ExecuteUbergraph_BP_Shot
[2018.07.24-18.29.37:404][382]LogUObjectGlobals: Created PersistentFrame Addr=0x000001567a47b460, Size=96, Default__BP_Shot_C Function /Game/Demo/Blueprints/BP_Shot.BP_Shot_C:ExecuteUbergraph_BP_Shot
[2018.07.24-18.29.38:260][382]LogUObjectGlobals: Created PersistentFrame Addr=0x0000015631826080, Size=832, Default__BP_Dude_C Function /Game/Demo/Blueprints/BP_Dude.BP_Dude_C:ExecuteUbergraph_BP_Dude
[2018.07.24-18.29.38:352][382]LogUObjectGlobals: Destroyed PersistentFrame Addr=0x0000015631826080, Size=832
[2018.07.24-18.29.38:352][382]LogUObjectGlobals: Created PersistentFrame Addr=0x00000156313c6080, Size=832, Default__BP_Dude_C Function /Engine/Transient.REINST_BP_Dude_C_14:ExecuteUbergraph_BP_Dude
[2018.07.24-18.29.38:387][382]LogUObjectGlobals: Created PersistentFrame Addr=0x000001561885b900, Size=832, Default__BP_Dude_C Function /Game/Demo/Blueprints/BP_Dude.BP_Dude_C:ExecuteUbergraph_BP_Dude
[2018.07.24-18.29.38:598][382]LogUObjectGlobals: Created PersistentFrame Addr=0x0000015618886a20, Size=32, Default__NewHUD_C Function /Game/Demo/Blueprints/NewHUD.NewHUD_C:ExecuteUbergraph_NewHUD
[2018.07.24-18.29.38:600][382]LogUObjectGlobals: Destroyed PersistentFrame Addr=0x0000015618886a20, Size=32
[2018.07.24-18.29.38:600][382]LogUObjectGlobals: Created PersistentFrame Addr=0x0000015618886a20, Size=32, Default__NewHUD_C Function /Engine/Transient.REINST_NewHUD_C_20:ExecuteUbergraph_NewHUD
[2018.07.24-18.29.38:603][382]LogUObjectGlobals: Created PersistentFrame Addr=0x0000015618885880, Size=32, Default__NewHUD_C Function /Game/Demo/Blueprints/NewHUD.NewHUD_C:ExecuteUbergraph_NewHUD
[2018.07.24-18.29.38:636][382]LogUObjectGlobals: Created PersistentFrame Addr=0x00000156188b91a0, Size=208, Default__addHealth_C Function /Game/Demo/Blueprints/addHealth.addHealth_C:ExecuteUbergraph_addHealth
[2018.07.24-18.29.38:638][382]LogUObjectGlobals: Destroyed PersistentFrame Addr=0x00000156188b91a0, Size=208
[2018.07.24-18.29.38:638][382]LogUObjectGlobals: Created PersistentFrame Addr=0x00000156188b91a0, Size=208, Default__addHealth_C Function /Engine/Transient.REINST_addHealth_C_24:ExecuteUbergraph_addHealth
[2018.07.24-18.29.38:640][382]LogUObjectGlobals: Created PersistentFrame Addr=0x000001562d473900, Size=208, Default__addHealth_C Function /Game/Demo/Blueprints/addHealth.addHealth_C:ExecuteUbergraph_addHealth
[2018.07.24-18.29.38:696][382]LogUObjectGlobals: Created PersistentFrame Addr=0x000001562d472cc0, Size=208, Default__Bp_Coins_C Function /Game/Demo/Blueprints/Bp_Coins.Bp_Coins_C:ExecuteUbergraph_Bp_Coins
[2018.07.24-18.29.38:698][382]LogUObjectGlobals: Destroyed PersistentFrame Addr=0x000001562d472cc0, Size=208
[2018.07.24-18.29.38:698][382]LogUObjectGlobals: Created PersistentFrame Addr=0x000001562d472cc0, Size=208, Default__Bp_Coins_C Function /Engine/Transient.REINST_Bp_Coins_C_26:ExecuteUbergraph_Bp_Coins
[2018.07.24-18.29.38:700][382]LogUObjectGlobals: Created PersistentFrame Addr=0x000001562d471980, Size=208, Default__Bp_Coins_C Function /Game/Demo/Blueprints/Bp_Coins.Bp_Coins_C:ExecuteUbergraph_Bp_Coins
[2018.07.24-18.29.38:780][382]LogUObjectGlobals: Created PersistentFrame Addr=0x00000156171ff380, Size=520, Default__BP_enemy_C Function /Game/Demo/Blueprints/BP_enemy.BP_enemy_C:ExecuteUbergraph_BP_enemy
[2018.07.24-18.29.38:783][382]LogUObjectGlobals: Destroyed PersistentFrame Addr=0x00000156171ff380, Size=520
[2018.07.24-18.29.38:783][382]LogUObjectGlobals: Created PersistentFrame Addr=0x00000156171ff380, Size=520, Default__BP_enemy_C Function /Engine/Transient.REINST_BP_enemy_C_28:ExecuteUbergraph_BP_enemy
[2018.07.24-18.29.38:786][382]LogUObjectGlobals: Created PersistentFrame Addr=0x00000156171fc900, Size=520, Default__BP_enemy_C Function /Game/Demo/Blueprints/BP_enemy.BP_enemy_C:ExecuteUbergraph_BP_enemy
[2018.07.24-18.29.38:999][382]LogUObjectGlobals: Created PersistentFrame Addr=0x000001561721c340, Size=184, Default__Levels01_C Function /Game/Demo/Maps/Levels01.Levels01_C:ExecuteUbergraph_Levels01
[2018.07.24-18.29.39:002][382]LogUObjectGlobals: Destroyed PersistentFrame Addr=0x000001561721c340, Size=184
[2018.07.24-18.29.39:002][382]LogUObjectGlobals: Created PersistentFrame Addr=0x000001561721c340, Size=184, Default__Levels01_C Function /Engine/Transient.REINST_Levels01_C_32:ExecuteUbergraph_Levels01
[2018.07.24-18.29.39:007][382]LogUObjectGlobals: Created PersistentFrame Addr=0x000001562dbb6e00, Size=184, Default__Levels01_C Function /Game/Demo/Maps/Levels01.Levels01_C:ExecuteUbergraph_Levels01
[2018.07.24-18.29.39:472][382]LogAIModule: Creating AISystem for world Levels01
[2018.07.24-18.29.39:535][382]LogUObjectGlobals: Destroyed PersistentFrame Addr=0x000001567a47bb20, Size=96
[2018.07.24-18.29.39:535][382]LogUObjectGlobals: Destroyed PersistentFrame Addr=0x00000156313c6080, Size=832
[2018.07.24-18.29.39:535][382]LogUObjectGlobals: Destroyed PersistentFrame Addr=0x0000015618886a20, Size=32
[2018.07.24-18.29.39:535][382]LogUObjectGlobals: Destroyed PersistentFrame Addr=0x00000156188b91a0, Size=208
[2018.07.24-18.29.39:535][382]LogUObjectGlobals: Destroyed PersistentFrame Addr=0x000001562d472cc0, Size=208
[2018.07.24-18.29.39:535][382]LogUObjectGlobals: Destroyed PersistentFrame Addr=0x00000156171ff380, Size=520
[2018.07.24-18.29.39:535][382]LogUObjectGlobals: Destroyed PersistentFrame Addr=0x000001561721c340, Size=184
[2018.07.24-18.29.42:108][382]LogSlate: Window 'Save Content' being destroyed
[2018.07.24-18.29.42:918][382]LogSavePackage: Save=682.63ms
[2018.07.24-18.29.42:918][382]LogSavePackage: Moving '../../../../GameDev/_projects/Unreal Projects/D2dSideScroller/Saved/grassdirt-big79FEE937495873127763CAAFC609EEC3.tmp' to '../../../../GameDev/_projects/Unreal Projects/D2dSideScroller/Content/Demo/Sprites/Enviroment/grassdirt-big.uasset'
[2018.07.24-18.29.42:922][382]LogSavePackage: Display: Finished SavePackage ../../../../GameDev/_projects/Unreal Projects/D2dSideScroller/Content/Demo/Sprites/Enviroment/grassdirt-big.uasset
[2018.07.24-18.29.42:949][382]LogSavePackage: Save=14.85ms
[2018.07.24-18.29.42:949][382]LogSavePackage: Moving '../../../../GameDev/_projects/Unreal Projects/D2dSideScroller/Saved/grassdirt-big_Sprite_0307DF84C48A8B25F29D878AE009B4EA1.tmp' to '../../../../GameDev/_projects/Unreal Projects/D2dSideScroller/Content/Demo/Sprites/Enviroment/grassdirt-big_Sprite_0.uasset'
[2018.07.24-18.29.42:950][382]LogSavePackage: Display: Finished SavePackage ../../../../GameDev/_projects/Unreal Projects/D2dSideScroller/Content/Demo/Sprites/Enviroment/grassdirt-big_Sprite_0.uasset
[2018.07.24-18.29.42:959][382]Cmd: MAP LOAD FILE="../../../../GameDev/_projects/Unreal Projects/D2dSideScroller/Content/Demo/Maps/Levels01.umap" TEMPLATE=0 SHOWPROGRESS=1 FEATURELEVEL=3
[2018.07.24-18.29.42:959][382]LightingResults: New page: Lighting Build
[2018.07.24-18.29.42:959][382]LoadErrors: New page: Loading map: Levels01.umap
[2018.07.24-18.29.42:960][382]MapCheck: New page: Map Check
[2018.07.24-18.29.42:960][382]LightingResults: New page: Lighting Build
[2018.07.24-18.29.42:972][382]LogUObjectGlobals: Destroyed PersistentFrame Addr=0x000001560c006ba0, Size=16
[2018.07.24-18.29.43:078][382]LogEditorServer: Finished looking for orphan Actors (0.000 secs)
[2018.07.24-18.29.43:135][382]Cmd: MAP CHECKDEP NOCLEARLOG
[2018.07.24-18.29.43:178][382]MapCheck: Map check complete: 0 Error(s), 0 Warning(s), took 43.895ms to complete.
[2018.07.24-18.29.43:178][382]LogFileHelpers: Loading map 'Levels01' took 0.228
[2018.07.24-18.29.45:672][503]LogEditorViewport: Clicking on Actor (LMB): PaperSpriteActor (grass_Sprite3)
[2018.07.24-18.29.48:179][639]LogSlate: FSceneViewport::OnFocusLost() reason 0
[2018.07.24-18.30.18:999][447]LogEditorViewport: Clicking Background
[2018.07.24-18.30.20:834][554]LogEditorViewport: Clicking on Actor (LMB): PaperSpriteActor (grass_Sprite5)
[2018.07.24-18.30.25:943][855]LogSlate: FSceneViewport::OnFocusLost() reason 0
[2018.07.24-18.30.25:976][857]LogTemp: Repeating last play command: New Editor Window (PIE)
[2018.07.24-18.30.26:036][857]LogBlueprintUserMessages: Early PlayInEditor Detection: Level '/Game/Demo/Maps/Levels01.Levels01:PersistentLevel' has LevelScriptBlueprint '/Game/Demo/Maps/Levels01.Levels01:PersistentLevel.Levels01' with GeneratedClass '/Game/Demo/Maps/Levels01.Levels01_C' with ClassGeneratedBy '/Game/Demo/Maps/Levels01.Levels01:PersistentLevel.Levels01'
[2018.07.24-18.30.26:044][857]LogPlayLevel: PlayLevel: No blueprints needed recompiling
[2018.07.24-18.30.26:062][857]PIE: New page: PIE session: Levels01 (Jul 24, 2018, 10:30:26 AM)
[2018.07.24-18.30.26:068][857]LogPlayLevel: Creating play world package: /Game/Demo/Maps/UEDPIE_0_Levels01
[2018.07.24-18.30.26:115][857]LogPlayLevel: PIE: StaticDuplicateObject took: (0.046666s)
[2018.07.24-18.30.26:116][857]LogAIModule: Creating AISystem for world Levels01
[2018.07.24-18.30.26:116][857]LogPlayLevel: PIE: World Init took: (0.000733s)
[2018.07.24-18.30.26:116][857]LogPlayLevel: PIE: Created PIE world by copying editor world from /Game/Demo/Maps/Levels01.Levels01 to /Game/Demo/Maps/UEDPIE_0_Levels01.Levels01 (0.047928s)
[2018.07.24-18.30.26:148][857]LogInit: XAudio2 using 'Speakers / Headphones (Realtek Audio)' : 6 channels at 48 kHz using 32 bits per sample (channel mask 0x3f)
[2018.07.24-18.30.26:205][857]LogInit: FAudioDevice initialized.
[2018.07.24-18.30.26:331][857]LogLoad: Game class is '2DSideScrollerGameMode_C'
[2018.07.24-18.30.26:354][857]LogWorld: Bringing World /Game/Demo/Maps/UEDPIE_0_Levels01.Levels01 up for play (max tick rate 60) at 2018.07.24-14.30.26
[2018.07.24-18.30.26:414][857]LogWorld: Bringing up level for play took: 0.062294
[2018.07.24-18.30.26:467][857]LogContentBrowser: Native class hierarchy updated for 'MovieSceneCapture' in 0.0003 seconds. Added 11 classes and 0 folders.
[2018.07.24-18.30.26:581][857]PIE: Play in editor start time for /Game/Demo/Maps/UEDPIE_0_Levels01 -0.434
[2018.07.24-18.30.26:581][857]LogBlueprintUserMessages: Late PlayInEditor Detection: Level '/Game/Demo/Maps/Levels01.Levels01:PersistentLevel' has LevelScriptBlueprint '/Game/Demo/Maps/Levels01.Levels01:PersistentLevel.Levels01' with GeneratedClass '/Game/Demo/Maps/Levels01.Levels01_C' with ClassGeneratedBy '/Game/Demo/Maps/Levels01.Levels01:PersistentLevel.Levels01'
[2018.07.24-18.30.31:797][162]LogBlueprintUserMessages: Early EndPlayMap Detection: Level '/Game/Demo/Maps/Levels01.Levels01:PersistentLevel' has LevelScriptBlueprint '/Game/Demo/Maps/Levels01.Levels01:PersistentLevel.Levels01' with GeneratedClass '/Game/Demo/Maps/Levels01.Levels01_C' with ClassGeneratedBy '/Game/Demo/Maps/Levels01.Levels01:PersistentLevel.Levels01'
[2018.07.24-18.30.31:833][162]LogSlate: Window 'D2dSideScroller Game Preview Standalone (64-bit/PCD3D_SM5)' being destroyed
[2018.07.24-18.30.31:863][162]LogBlueprintUserMessages: Late EndPlayMap Detection: Level '/Game/Demo/Maps/Levels01.Levels01:PersistentLevel' has LevelScriptBlueprint '/Game/Demo/Maps/Levels01.Levels01:PersistentLevel.Levels01' with GeneratedClass '/Game/Demo/Maps/Levels01.Levels01_C' with ClassGeneratedBy '/Game/Demo/Maps/Levels01.Levels01:PersistentLevel.Levels01'
[2018.07.24-18.30.35:367][364]Cmd: OBJ SAVEPACKAGE PACKAGE="/Game/Demo/Maps/Levels01" FILE="../../../../GameDev/_projects/Unreal Projects/D2dSideScroller/Content/Demo/Maps/Levels01.umap" SILENT=true AUTOSAVING=false KEEPDIRTY=false
[2018.07.24-18.30.35:888][364]LogUObjectGlobals: Destroyed PersistentFrame Addr=0x000001562dbb6e00, Size=184
[2018.07.24-18.30.35:888][364]LogUObjectGlobals: Created PersistentFrame Addr=0x000001561ab9aa40, Size=184, Default__Levels01_C Function /Engine/Transient.REINST_Levels01_C_36:ExecuteUbergraph_Levels01
[2018.07.24-18.30.35:893][364]LogUObjectGlobals: Created PersistentFrame Addr=0x000001561ab98940, Size=184, Default__Levels01_C Function /Game/Demo/Maps/Levels01.Levels01_C:ExecuteUbergraph_Levels01
[2018.07.24-18.30.36:149][364]LogSavePackage: Save=290.86ms
[2018.07.24-18.30.36:149][364]LogSavePackage: Moving '../../../../GameDev/_projects/Unreal Projects/D2dSideScroller/Saved/Levels018D7F8376486AFA8C7A2E2580CE4D9C15.tmp' to '../../../../GameDev/_projects/Unreal Projects/D2dSideScroller/Content/Demo/Maps/Levels01.umap'
[2018.07.24-18.30.36:152][364]LogSavePackage: Display: Finished SavePackage ../../../../GameDev/_projects/Unreal Projects/D2dSideScroller/Content/Demo/Maps/Levels01.umap
[2018.07.24-18.43.55:061][290]LogEditorViewport: Clicking on Actor (LMB): PaperSpriteActor (grass_Sprite5)
[2018.07.24-18.43.58:549][479]LogSlate: FSceneViewport::OnFocusLost() reason 0
[2018.07.24-18.44.14:726][442]LogEditorViewport: Clicking Background
[2018.07.24-18.44.26:312][132]LogEditorViewport: Clicking on Actor (LMB): PaperSpriteActor (grass_Sprite6)
[2018.07.24-18.44.27:077][175]LogEditorViewport: Clicking on Actor (LMB): PaperSpriteActor (grass_Sprite6)
[2018.07.24-18.44.33:963][587]LogSlate: FSceneViewport::OnFocusLost() reason 0
[2018.07.24-18.45.05:026][426]LogSlate: FSceneViewport::OnFocusLost() reason 0
[2018.07.24-18.45.18:757][249]LogEditorViewport: Clicking on Actor (LMB): PaperSpriteActor (thomasBG_Sprite_8)
[2018.07.24-18.45.21:012][381]LogEditorViewport: Clicking on Actor (LMB): PaperSpriteActor (grass_Sprite6)
[2018.07.24-18.45.22:764][483]LogSlate: FSceneViewport::OnFocusLost() reason 0
[2018.07.24-18.45.33:487][124]LogEditorViewport: Clicking Background
[2018.07.24-18.45.45:776][860]LogSlate: FSceneViewport::OnFocusLost() reason 0
[2018.07.24-18.45.45:825][862]Cmd: OBJ SAVEPACKAGE PACKAGE="/Game/Demo/Maps/Levels01" FILE="../../../../GameDev/_projects/Unreal Projects/D2dSideScroller/Content/Demo/Maps/Levels01.umap" SILENT=true AUTOSAVING=false KEEPDIRTY=false
[2018.07.24-18.45.45:839][862]LogUObjectGlobals: Destroyed PersistentFrame Addr=0x000001561ab9aa40, Size=184
[2018.07.24-18.45.45:872][862]LogUObjectGlobals: Destroyed PersistentFrame Addr=0x000001561ab98940, Size=184
[2018.07.24-18.45.45:873][862]LogUObjectGlobals: Created PersistentFrame Addr=0x000001562d3b7a00, Size=184, Default__Levels01_C Function /Engine/Transient.REINST_Levels01_C_40:ExecuteUbergraph_Levels01
[2018.07.24-18.45.45:876][862]LogUObjectGlobals: Created PersistentFrame Addr=0x000001562d3b5900, Size=184, Default__Levels01_C Function /Game/Demo/Maps/Levels01.Levels01_C:ExecuteUbergraph_Levels01
[2018.07.24-18.45.46:269][862]LogSavePackage: Save=410.38ms
[2018.07.24-18.45.46:269][862]LogSavePackage: Moving '../../../../GameDev/_projects/Unreal Projects/D2dSideScroller/Saved/Levels018B4EAEF4416ADA0DC827D7B3D62D2DB2.tmp' to '../../../../GameDev/_projects/Unreal Projects/D2dSideScroller/Content/Demo/Maps/Levels01.umap'
[2018.07.24-18.45.46:271][862]LogSavePackage: Display: Finished SavePackage ../../../../GameDev/_projects/Unreal Projects/D2dSideScroller/Content/Demo/Maps/Levels01.umap
[2018.07.24-18.45.48:455][991]LogTemp: Repeating last play command: New Editor Window (PIE)
[2018.07.24-18.45.48:519][991]LogBlueprintUserMessages: Early PlayInEditor Detection: Level '/Game/Demo/Maps/Levels01.Levels01:PersistentLevel' has LevelScriptBlueprint '/Game/Demo/Maps/Levels01.Levels01:PersistentLevel.Levels01' with GeneratedClass '/Game/Demo/Maps/Levels01.Levels01_C' with ClassGeneratedBy '/Game/Demo/Maps/Levels01.Levels01:PersistentLevel.Levels01'
[2018.07.24-18.45.48:519][991]LogPlayLevel: PlayLevel: No blueprints needed recompiling
[2018.07.24-18.45.48:519][991]PIE: New page: PIE session: Levels01 (Jul 24, 2018, 10:45:48 AM)
[2018.07.24-18.45.48:519][991]LogPlayLevel: Creating play world package: /Game/Demo/Maps/UEDPIE_0_Levels01
[2018.07.24-18.45.48:524][991]LogPlayLevel: PIE: StaticDuplicateObject took: (0.005268s)
[2018.07.24-18.45.48:525][991]LogAIModule: Creating AISystem for world Levels01
[2018.07.24-18.45.48:525][991]LogPlayLevel: PIE: World Init took: (0.000810s)
[2018.07.24-18.45.48:526][991]LogPlayLevel: PIE: Created PIE world by copying editor world from /Game/Demo/Maps/Levels01.Levels01 to /Game/Demo/Maps/UEDPIE_0_Levels01.Levels01 (0.006271s)
[2018.07.24-18.45.48:537][991]LogUObjectGlobals: Destroyed PersistentFrame Addr=0x000001562d3b7a00, Size=184
[2018.07.24-18.45.48:544][991]LogInit: XAudio2 using 'Speakers / Headphones (Realtek Audio)' : 6 channels at 48 kHz using 32 bits per sample (channel mask 0x3f)
[2018.07.24-18.45.48:605][991]LogInit: FAudioDevice initialized.
[2018.07.24-18.45.48:685][991]LogLoad: Game class is '2DSideScrollerGameMode_C'
[2018.07.24-18.45.48:688][991]LogWorld: Bringing World /Game/Demo/Maps/UEDPIE_0_Levels01.Levels01 up for play (max tick rate 60) at 2018.07.24-14.45.48
[2018.07.24-18.45.48:689][991]LogWorld: Bringing up level for play took: 0.002964
[2018.07.24-18.45.48:696][991]PIE: Play in editor start time for /Game/Demo/Maps/UEDPIE_0_Levels01 -0.319
[2018.07.24-18.45.48:697][991]LogBlueprintUserMessages: Late PlayInEditor Detection: Level '/Game/Demo/Maps/Levels01.Levels01:PersistentLevel' has LevelScriptBlueprint '/Game/Demo/Maps/Levels01.Levels01:PersistentLevel.Levels01' with GeneratedClass '/Game/Demo/Maps/Levels01.Levels01_C' with ClassGeneratedBy '/Game/Demo/Maps/Levels01.Levels01:PersistentLevel.Levels01'
[2018.07.24-18.46.00:785][691]LogBlueprintUserMessages: Early EndPlayMap Detection: Level '/Game/Demo/Maps/Levels01.Levels01:PersistentLevel' has LevelScriptBlueprint '/Game/Demo/Maps/Levels01.Levels01:PersistentLevel.Levels01' with GeneratedClass '/Game/Demo/Maps/Levels01.Levels01_C' with ClassGeneratedBy '/Game/Demo/Maps/Levels01.Levels01:PersistentLevel.Levels01'
[2018.07.24-18.46.00:804][691]LogSlate: Window 'D2dSideScroller Game Preview Standalone (64-bit/PCD3D_SM5)' being destroyed
[2018.07.24-18.46.00:838][691]LogBlueprintUserMessages: Late EndPlayMap Detection: Level '/Game/Demo/Maps/Levels01.Levels01:PersistentLevel' has LevelScriptBlueprint '/Game/Demo/Maps/Levels01.Levels01:PersistentLevel.Levels01' with GeneratedClass '/Game/Demo/Maps/Levels01.Levels01_C' with ClassGeneratedBy '/Game/Demo/Maps/Levels01.Levels01:PersistentLevel.Levels01'
[2018.07.24-18.46.02:216][772]LogTemp: Repeating last play command: New Editor Window (PIE)
[2018.07.24-18.46.02:236][772]LogBlueprintUserMessages: Early PlayInEditor Detection: Level '/Game/Demo/Maps/Levels01.Levels01:PersistentLevel' has LevelScriptBlueprint '/Game/Demo/Maps/Levels01.Levels01:PersistentLevel.Levels01' with GeneratedClass '/Game/Demo/Maps/Levels01.Levels01_C' with ClassGeneratedBy '/Game/Demo/Maps/Levels01.Levels01:PersistentLevel.Levels01'
[2018.07.24-18.46.02:236][772]LogPlayLevel: PlayLevel: No blueprints needed recompiling
[2018.07.24-18.46.02:236][772]PIE: New page: PIE session: Levels01 (Jul 24, 2018, 10:46:02 AM)
[2018.07.24-18.46.02:236][772]LogPlayLevel: Creating play world package: /Game/Demo/Maps/UEDPIE_0_Levels01
[2018.07.24-18.46.02:240][772]LogPlayLevel: PIE: StaticDuplicateObject took: (0.003504s)
[2018.07.24-18.46.02:240][772]LogAIModule: Creating AISystem for world Levels01
[2018.07.24-18.46.02:241][772]LogPlayLevel: PIE: World Init took: (0.000569s)
[2018.07.24-18.46.02:241][772]LogPlayLevel: PIE: Created PIE world by copying editor world from /Game/Demo/Maps/Levels01.Levels01 to /Game/Demo/Maps/UEDPIE_0_Levels01.Levels01 (0.004210s)
[2018.07.24-18.46.02:260][772]LogInit: XAudio2 using 'Speakers / Headphones (Realtek Audio)' : 6 channels at 48 kHz using 32 bits per sample (channel mask 0x3f)
[2018.07.24-18.46.02:321][772]LogInit: FAudioDevice initialized.
[2018.07.24-18.46.02:402][772]LogLoad: Game class is '2DSideScrollerGameMode_C'
[2018.07.24-18.46.02:404][772]LogWorld: Bringing World /Game/Demo/Maps/UEDPIE_0_Levels01.Levels01 up for play (max tick rate 60) at 2018.07.24-14.46.02
[2018.07.24-18.46.02:405][772]LogWorld: Bringing up level for play took: 0.002028
[2018.07.24-18.46.02:410][772]PIE: Play in editor start time for /Game/Demo/Maps/UEDPIE_0_Levels01 -0.604
[2018.07.24-18.46.02:411][772]LogBlueprintUserMessages: Late PlayInEditor Detection: Level '/Game/Demo/Maps/Levels01.Levels01:PersistentLevel' has LevelScriptBlueprint '/Game/Demo/Maps/Levels01.Levels01:PersistentLevel.Levels01' with GeneratedClass '/Game/Demo/Maps/Levels01.Levels01_C' with ClassGeneratedBy '/Game/Demo/Maps/Levels01.Levels01:PersistentLevel.Levels01'
[2018.07.24-18.46.05:524][956]LogBlueprintUserMessages: [BP_Dude_C_0] FIRE
[2018.07.24-18.46.07:222][ 51]LogBlueprintUserMessages: [BP_Dude_C_0] FIRE
[2018.07.24-18.46.07:406][ 62]LogBlueprintUserMessages: [BP_Dude_C_0] FIRE
[2018.07.24-18.46.07:572][ 72]LogBlueprintUserMessages: [BP_Dude_C_0] FIRE
[2018.07.24-18.46.07:722][ 81]LogBlueprintUserMessages: [BP_Dude_C_0] FIRE
[2018.07.24-18.46.07:890][ 91]LogBlueprintUserMessages: [BP_Dude_C_0] FIRE
[2018.07.24-18.46.08:056][101]LogBlueprintUserMessages: [BP_Dude_C_0] FIRE
[2018.07.24-18.46.08:223][111]LogBlueprintUserMessages: [BP_Dude_C_0] FIRE
[2018.07.24-18.46.08:372][120]LogBlueprintUserMessages: [BP_Dude_C_0] FIRE
[2018.07.24-18.46.08:489][127]LogBlueprintUserMessages: [BP_Dude_C_0] FIRE
[2018.07.24-18.46.08:624][133]LogBlueprintUserMessages: [BP_Dude_C_0] FIRE
[2018.07.24-18.46.08:792][143]LogBlueprintUserMessages: [BP_Dude_C_0] FIRE
[2018.07.24-18.46.08:940][152]LogBlueprintUserMessages: [BP_Dude_C_0] FIRE
[2018.07.24-18.46.09:124][163]LogBlueprintUserMessages: [BP_Dude_C_0] FIRE
[2018.07.24-18.46.09:292][173]LogBlueprintUserMessages: [BP_Dude_C_0] FIRE
[2018.07.24-18.46.33:515][599]LogBlueprintUserMessages: Early EndPlayMap Detection: Level '/Game/Demo/Maps/Levels01.Levels01:PersistentLevel' has LevelScriptBlueprint '/Game/Demo/Maps/Levels01.Levels01:PersistentLevel.Levels01' with GeneratedClass '/Game/Demo/Maps/Levels01.Levels01_C' with ClassGeneratedBy '/Game/Demo/Maps/Levels01.Levels01:PersistentLevel.Levels01'
[2018.07.24-18.46.33:535][599]LogSlate: Window 'D2dSideScroller Game Preview Standalone (64-bit/PCD3D_SM5)' being destroyed
[2018.07.24-18.46.33:570][599]LogBlueprintUserMessages: Late EndPlayMap Detection: Level '/Game/Demo/Maps/Levels01.Levels01:PersistentLevel' has LevelScriptBlueprint '/Game/Demo/Maps/Levels01.Levels01:PersistentLevel.Levels01' with GeneratedClass '/Game/Demo/Maps/Levels01.Levels01_C' with ClassGeneratedBy '/Game/Demo/Maps/Levels01.Levels01:PersistentLevel.Levels01'
[2018.07.24-19.33.54:827][718]LogSlate: Window 'D2dSideScroller - Unreal Editor' being destroyed
[2018.07.24-19.33.55:150][719]Cmd: QUIT_EDITOR
[2018.07.24-19.33.55:524][719]LogWindowsTextInputMethodSystem: Display: IME system now deactivated.
[2018.07.24-19.33.55:543][719]LogSlate: Slate User Destroyed.  User Index 0, Is Virtual User: 0
[2018.07.24-19.33.55:543][719]LogExit: Preparing to exit.
[2018.07.24-19.33.55:983][719]LogDirectoryWatcher: A directory notification for 'D:/GameDev/_projects/Unreal Projects/D2dSideScroller/Content/' was aborted.
[2018.07.24-19.33.56:001][719]LogExit: Editor shut down
[2018.07.24-19.33.56:011][719]LogExit: Transaction tracking system shut down
[2018.07.24-19.33.56:012][719]LogUObjectGlobals: Destroyed PersistentFrame Addr=0x000001561d2bb2a0, Size=4
[2018.07.24-19.33.56:012][719]LogUObjectGlobals: Destroyed PersistentFrame Addr=0x000001567a47b460, Size=96
[2018.07.24-19.33.56:012][719]LogUObjectGlobals: Destroyed PersistentFrame Addr=0x000001561885b900, Size=832
[2018.07.24-19.33.56:013][719]LogUObjectGlobals: Destroyed PersistentFrame Addr=0x0000015618885880, Size=32
[2018.07.24-19.33.56:013][719]LogUObjectGlobals: Destroyed PersistentFrame Addr=0x000001562d473900, Size=208
[2018.07.24-19.33.56:013][719]LogUObjectGlobals: Destroyed PersistentFrame Addr=0x000001562d471980, Size=208
[2018.07.24-19.33.56:013][719]LogUObjectGlobals: Destroyed PersistentFrame Addr=0x00000156171fc900, Size=520
[2018.07.24-19.33.56:014][719]LogUObjectGlobals: Destroyed PersistentFrame Addr=0x000001562d3b5900, Size=184
[2018.07.24-19.33.56:144][719]LogDirectoryWatcher: A directory notification for '../../../Engine/Content/' was aborted.
[2018.07.24-19.33.56:144][719]LogDirectoryWatcher: A directory notification for '../../../../GameDev/_projects/Unreal Projects/D2dSideScroller/Content/' was aborted.
[2018.07.24-19.33.56:144][719]LogDirectoryWatcher: A directory notification for '../../Plugins/2D/Paper2D/Content/' was aborted.
[2018.07.24-19.33.56:144][719]LogDirectoryWatcher: A directory notification for '../../Plugins/Enterprise/DatasmithContent/Content/' was aborted.
[2018.07.24-19.33.56:144][719]LogDirectoryWatcher: A directory notification for '../../Plugins/Media/MediaCompositing/Content/' was aborted.
[2018.07.24-19.33.56:144][719]LogDirectoryWatcher: A directory notification for '../../Plugins/Runtime/AppleARKit/Content/' was aborted.
[2018.07.24-19.33.56:144][719]LogDirectoryWatcher: A directory notification for '../../Plugins/Runtime/Oculus/OculusVR/Content/' was aborted.
[2018.07.24-19.33.56:144][719]LogDirectoryWatcher: A directory notification for '../../Plugins/Runtime/Steam/SteamVR/Content/' was aborted.
[2018.07.24-19.33.56:223][719]LogExit: Object subsystem successfully closed.
[2018.07.24-19.33.56:247][719]LogShaderCompilers: Display: Shaders left to compile 0
[2018.07.24-19.33.56:250][719]LogD3D11RHI: Shutdown
[2018.07.24-19.33.56:250][719]LogD3D11RHI: CleanupD3DDevice
[2018.07.24-19.33.56:254][719]LogD3D11RHI: ~FD3D11DynamicRHI
[2018.07.24-19.33.56:262][719]LogModuleManager: Shutting down and abandoning module MovieSceneCapture (576)
[2018.07.24-19.33.56:276][719]LogModuleManager: Shutting down and abandoning module HierarchicalLODOutliner (574)
[2018.07.24-19.33.56:276][719]LogModuleManager: Shutting down and abandoning module AddContentDialog (572)
[2018.07.24-19.33.56:285][719]LogDirectoryWatcher: A directory notification for 'D:/UE_4.19/FeaturePacks/' was aborted.
[2018.07.24-19.33.56:285][719]LogDirectoryWatcher: A directory notification for 'D:/UE_4.19/Enterprise/FeaturePacks/' was aborted.
[2018.07.24-19.33.56:286][719]LogModuleManager: Shutting down and abandoning module WidgetCarousel (571)
[2018.07.24-19.33.56:286][719]LogModuleManager: Shutting down and abandoning module EditorWidgets (568)
[2018.07.24-19.33.56:286][719]LogModuleManager: Shutting down and abandoning module CollectionManager (566)
[2018.07.24-19.33.56:287][719]LogDirectoryWatcher: A directory notification for 'D:/GameDev/_projects/Unreal Projects/D2dSideScroller/Content/Collections/' was aborted.
[2018.07.24-19.33.56:287][719]LogDirectoryWatcher: A directory notification for 'D:/GameDev/_projects/Unreal Projects/D2dSideScroller/Content/Developers/DKG/Collections/' was aborted.
[2018.07.24-19.33.56:287][719]LogDirectoryWatcher: A directory notification for 'D:/GameDev/_projects/Unreal Projects/D2dSideScroller/Saved/Collections/' was aborted.
[2018.07.24-19.33.56:287][719]LogModuleManager: Shutting down and abandoning module SceneOutliner (564)
[2018.07.24-19.33.56:296][719]LogModuleManager: Shutting down and abandoning module StatsViewer (562)
[2018.07.24-19.33.56:297][719]LogModuleManager: Shutting down and abandoning module FoliageEdit (560)
[2018.07.24-19.33.56:297][719]LogModuleManager: Shutting down and abandoning module LandscapeEditor (558)
[2018.07.24-19.33.56:297][719]LogModuleManager: Shutting down and abandoning module MeshPaintMode (556)
[2018.07.24-19.33.56:297][719]LogModuleManager: Shutting down and abandoning module SceneDepthPickerMode (554)
[2018.07.24-19.33.56:297][719]LogModuleManager: Shutting down and abandoning module ActorPickerMode (552)
[2018.07.24-19.33.56:297][719]LogModuleManager: Shutting down and abandoning module GeometryMode (550)
[2018.07.24-19.33.56:297][719]LogModuleManager: Shutting down and abandoning module TextureAlignMode (548)
[2018.07.24-19.33.56:297][719]LogModuleManager: Shutting down and abandoning module BspMode (546)
[2018.07.24-19.33.56:297][719]LogModuleManager: Shutting down and abandoning module PIEPreviewDeviceProfileSelector (544)
[2018.07.24-19.33.56:297][719]LogModuleManager: Shutting down and abandoning module HardwareSurvey (542)
[2018.07.24-19.33.56:297][719]LogModuleManager: Shutting down and abandoning module SequenceRecorderSections (540)
[2018.07.24-19.33.56:297][719]LogModuleManager: Shutting down and abandoning module AutomationWorker (538)
[2018.07.24-19.33.56:297][719]LogModuleManager: Shutting down and abandoning module AudioCaptureEditor (536)
[2018.07.24-19.33.56:297][719]LogModuleManager: Shutting down and abandoning module SequenceRecorder (535)
[2018.07.24-19.33.56:297][719]LogModuleManager: Shutting down and abandoning module MatineeToLevelSequence (532)
[2018.07.24-19.33.56:297][719]LogModuleManager: Shutting down and abandoning module LevelSequenceEditor (530)
[2018.07.24-19.33.56:297][719]LogModuleManager: Shutting down and abandoning module PlacementMode (529)
[2018.07.24-19.33.56:297][719]LogModuleManager: Shutting down and abandoning module MaterialEditor (528)
[2018.07.24-19.33.56:297][719]LogModuleManager: Shutting down and abandoning module WmfMediaFactory (524)
[2018.07.24-19.33.56:297][719]LogModuleManager: Shutting down and abandoning module WmfMediaEditor (522)
[2018.07.24-19.33.56:297][719]LogModuleManager: Shutting down and abandoning module MediaPlayerEditor (520)
[2018.07.24-19.33.56:297][719]LogModuleManager: Shutting down and abandoning module OpenExrWrapper (518)
[2018.07.24-19.33.56:297][719]LogModuleManager: Shutting down and abandoning module ImgMediaFactory (516)
[2018.07.24-19.33.56:297][719]LogModuleManager: Shutting down and abandoning module ImgMediaEditor (514)
[2018.07.24-19.33.56:297][719]LogModuleManager: Shutting down and abandoning module AvfMediaFactory (512)
[2018.07.24-19.33.56:297][719]LogModuleManager: Shutting down and abandoning module AvfMediaEditor (510)
[2018.07.24-19.33.56:297][719]LogModuleManager: Shutting down and abandoning module AndroidMediaFactory (508)
[2018.07.24-19.33.56:297][719]LogModuleManager: Shutting down and abandoning module AndroidMediaEditor (506)
[2018.07.24-19.33.56:297][719]LogModuleManager: Shutting down and abandoning module CharacterAI (504)
[2018.07.24-19.33.56:298][719]LogModuleManager: Shutting down and abandoning module SmartSnapping (502)
[2018.07.24-19.33.56:298][719]LogModuleManager: Shutting down and abandoning module SessionServices (500)
[2018.07.24-19.33.56:298][719]LogModuleManager: Shutting down and abandoning module ViewportSnapping (498)
[2018.07.24-19.33.56:298][719]LogModuleManager: Shutting down and abandoning module ViewportInteraction (496)
[2018.07.24-19.33.56:298][719]LogModuleManager: Shutting down and abandoning module ClothPainter (494)
[2018.07.24-19.33.56:298][719]LogModuleManager: Shutting down and abandoning module SkeletalMeshEditor (493)
[2018.07.24-19.33.56:298][719]LogModuleManager: Shutting down and abandoning module LogVisualizer (490)
[2018.07.24-19.33.56:298][719]LogModuleManager: Shutting down and abandoning module IntroTutorials (488)
[2018.07.24-19.33.56:309][719]LogModuleManager: Shutting down and abandoning module GameProjectGeneration (487)
[2018.07.24-19.33.56:309][719]LogModuleManager: Shutting down and abandoning module IOSPlatformEditor (484)
[2018.07.24-19.33.56:309][719]LogModuleManager: Shutting down and abandoning module HTML5PlatformEditor (482)
[2018.07.24-19.33.56:309][719]LogModuleManager: Shutting down and abandoning module AndroidPlatformEditor (480)
[2018.07.24-19.33.56:309][719]LogModuleManager: Shutting down and abandoning module AndroidDeviceDetection (479)
[2018.07.24-19.33.57:262][719]LogModuleManager: Shutting down and abandoning module WindowsPlatformEditor (476)
[2018.07.24-19.33.57:263][719]LogModuleManager: Shutting down and abandoning module IOSRuntimeSettings (474)
[2018.07.24-19.33.57:263][719]LogModuleManager: Shutting down and abandoning module AndroidRuntimeSettings (472)
[2018.07.24-19.33.57:263][719]LogModuleManager: Shutting down and abandoning module InputBindingEditor (470)
[2018.07.24-19.33.57:263][719]LogModuleManager: Shutting down and abandoning module MergeActors (468)
[2018.07.24-19.33.57:263][719]LogModuleManager: Shutting down and abandoning module LocalizationDashboard (466)
[2018.07.24-19.33.57:263][719]LogModuleManager: Shutting down and abandoning module LocalizationService (465)
[2018.07.24-19.33.57:263][719]LogModuleManager: Shutting down and abandoning module HardwareTargeting (462)
[2018.07.24-19.33.57:263][719]LogModuleManager: Shutting down and abandoning module DeviceProfileEditor (460)
[2018.07.24-19.33.57:263][719]LogModuleManager: Shutting down and abandoning module UndoHistory (458)
[2018.07.24-19.33.57:263][719]LogModuleManager: Shutting down and abandoning module XmlParser (456)
[2018.07.24-19.33.57:263][719]LogModuleManager: Shutting down and abandoning module Blutility (454)
[2018.07.24-19.33.57:263][719]LogModuleManager: Shutting down and abandoning module ProjectSettingsViewer (452)
[2018.07.24-19.33.57:263][719]LogModuleManager: Shutting down and abandoning module ProjectTargetPlatformEditor (451)
[2018.07.24-19.33.57:263][719]LogModuleManager: Shutting down and abandoning module EditorSettingsViewer (448)
[2018.07.24-19.33.57:263][719]LogModuleManager: Shutting down and abandoning module SettingsEditor (446)
[2018.07.24-19.33.57:263][719]LogModuleManager: Shutting down and abandoning module ProjectLauncher (444)
[2018.07.24-19.33.57:263][719]LogModuleManager: Shutting down and abandoning module SessionFrontend (442)
[2018.07.24-19.33.57:263][719]LogModuleManager: Shutting down and abandoning module ProfilerClient (440)
[2018.07.24-19.33.57:263][719]LogModuleManager: Shutting down and abandoning module DeviceManager (438)
[2018.07.24-19.33.57:263][719]LogModuleManager: Shutting down and abandoning module TargetDeviceServices (437)
[2018.07.24-19.33.57:329][719]LogModuleManager: Shutting down and abandoning module AutomationController (434)
[2018.07.24-19.33.57:329][719]LogModuleManager: Shutting down and abandoning module AutomationWindow (432)
[2018.07.24-19.33.57:329][719]LogModuleManager: Shutting down and abandoning module Layers (430)
[2018.07.24-19.33.57:329][719]LogModuleManager: Shutting down and abandoning module ComponentVisualizers (428)
[2018.07.24-19.33.57:329][719]LogModuleManager: Shutting down and abandoning module DetailCustomizations (426)
[2018.07.24-19.33.57:329][719]LogModuleManager: Shutting down and abandoning module PackagesDialog (424)
[2018.07.24-19.33.57:329][719]LogModuleManager: Shutting down and abandoning module Persona (422)
[2018.07.24-19.33.57:329][719]LogModuleManager: Shutting down and abandoning module AdvancedPreviewScene (421)
[2018.07.24-19.33.57:329][719]LogModuleManager: Shutting down and abandoning module AnimGraph (419)
[2018.07.24-19.33.57:329][719]LogModuleManager: Shutting down and abandoning module Kismet (416)
[2018.07.24-19.33.57:330][719]LogModuleManager: Shutting down and abandoning module GraphEditor (414)
[2018.07.24-19.33.57:330][719]LogModuleManager: Shutting down and abandoning module ClassViewer (412)
[2018.07.24-19.33.57:330][719]LogModuleManager: Shutting down and abandoning module Toolbox (410)
[2018.07.24-19.33.57:330][719]LogModuleManager: Shutting down and abandoning module ModuleUI (408)
[2018.07.24-19.33.57:330][719]LogModuleManager: Shutting down and abandoning module MovieSceneTools (406)
[2018.07.24-19.33.57:330][719]LogModuleManager: Shutting down and abandoning module OutputLog (404)
[2018.07.24-19.33.57:330][719]LogModuleManager: Shutting down and abandoning module GammaUI (402)
[2018.07.24-19.33.57:330][719]LogModuleManager: Shutting down and abandoning module Documentation (400)
[2018.07.24-19.33.57:330][719]LogModuleManager: Shutting down and abandoning module MovieSceneTracks (398)
[2018.07.24-19.33.57:330][719]LogModuleManager: Shutting down and abandoning module MovieScene (396)
[2018.07.24-19.33.57:330][719]LogModuleManager: Shutting down and abandoning module StreamingPauseRendering (394)
[2018.07.24-19.33.57:330][719]LogModuleManager: Shutting down and abandoning module LauncherPlatform (392)
[2018.07.24-19.33.57:330][719]LogModuleManager: Shutting down and abandoning module AnalyticsET (390)
[2018.07.24-19.33.57:330][719]LogModuleManager: Shutting down and abandoning module PortalServices (388)
[2018.07.24-19.33.57:330][719]LogModuleManager: Shutting down and abandoning module PortalRpc (386)
[2018.07.24-19.33.57:330][719]LogModuleManager: Shutting down and abandoning module MessagingRpc (384)
[2018.07.24-19.33.57:330][719]LogModuleManager: Shutting down and abandoning module AIModule (382)
[2018.07.24-19.33.57:330][719]LogModuleManager: Shutting down and abandoning module GameplayDebugger (381)
[2018.07.24-19.33.57:330][719]LogModuleManager: Shutting down and abandoning module AITestSuite (379)
[2018.07.24-19.33.57:330][719]LogModuleManager: Shutting down and abandoning module DesktopPlatform (376)
[2018.07.24-19.33.57:330][719]LogModuleManager: Shutting down and abandoning module ProfilerService (374)
[2018.07.24-19.33.57:372][719]LogModuleManager: Shutting down and abandoning module TaskGraph (372)
[2018.07.24-19.33.57:373][719]LogModuleManager: Shutting down and abandoning module SteamVRController (370)
[2018.07.24-19.33.57:373][719]LogModuleManager: Shutting down and abandoning module ProceduralMeshComponentEditor (368)
[2018.07.24-19.33.57:373][719]LogModuleManager: Shutting down and abandoning module ProceduralMeshComponent (366)
[2018.07.24-19.33.57:373][719]LogModuleManager: Shutting down and abandoning module OculusInput (364)
[2018.07.24-19.33.57:373][719]LogModuleManager: Shutting down and abandoning module MobilePatchingUtils (362)
[2018.07.24-19.33.57:373][719]LogModuleManager: Shutting down and abandoning module CustomMeshComponent (360)
[2018.07.24-19.33.57:373][719]LogModuleManager: Shutting down and abandoning module CableComponent (358)
[2018.07.24-19.33.57:373][719]LogModuleManager: Shutting down and abandoning module AudioCapture (356)
[2018.07.24-19.33.57:373][719]LogModuleManager: Shutting down and abandoning module ArchVisCharacter (354)
[2018.07.24-19.33.57:373][719]LogModuleManager: Shutting down and abandoning module AndroidPermission (352)
[2018.07.24-19.33.57:373][719]LogModuleManager: Shutting down and abandoning module NUTUnrealEngine4 (348)
[2018.07.24-19.33.57:373][719]LogModuleManager: Shutting down and abandoning module NetcodeUnitTest (346)
[2018.07.24-19.33.57:373][719]LogModuleManager: Shutting down and abandoning module MediaCompositingEditor (344)
[2018.07.24-19.33.57:373][719]LogModuleManager: Shutting down and abandoning module MediaCompositing (342)
[2018.07.24-19.33.57:373][719]LogModuleManager: Shutting down and abandoning module LinearTimecode (340)
[2018.07.24-19.33.57:373][719]LogModuleManager: Shutting down and abandoning module ImgMedia (338)
[2018.07.24-19.33.57:376][719]LogModuleManager: Shutting down and abandoning module HTML5Networking (336)
[2018.07.24-19.33.57:376][719]LogModuleManager: Shutting down and abandoning module AlembicImporter (334)
[2018.07.24-19.33.57:376][719]LogModuleManager: Shutting down and abandoning module AlembicLibrary (333)
[2018.07.24-19.33.57:376][719]LogModuleManager: Shutting down and abandoning module GeometryCache (332)
[2018.07.24-19.33.57:376][719]LogModuleManager: Shutting down and abandoning module GeometryCacheEd (331)
[2018.07.24-19.33.57:376][719]LogModuleManager: Shutting down and abandoning module DatasmithContent (326)
[2018.07.24-19.33.57:376][719]LogModuleManager: Shutting down and abandoning module SpeedTreeImporter (324)
[2018.07.24-19.33.57:376][719]LogModuleManager: Shutting down and abandoning module PluginBrowser (322)
[2018.07.24-19.33.57:376][719]LogModuleManager: Shutting down and abandoning module MobileLauncherProfileWizard (320)
[2018.07.24-19.33.57:376][719]LogModuleManager: Shutting down and abandoning module CryptoKeysOpenSSL (318)
[2018.07.24-19.33.57:376][719]LogModuleManager: Shutting down and abandoning module CryptoKeys (316)
[2018.07.24-19.33.57:376][719]LogModuleManager: Shutting down and abandoning module VisualStudioSourceCodeAccess (314)
[2018.07.24-19.33.57:376][719]LogModuleManager: Shutting down and abandoning module VisualStudioCodeSourceCodeAccess (312)
[2018.07.24-19.33.57:376][719]LogModuleManager: Shutting down and abandoning module UObjectPlugin (310)
[2018.07.24-19.33.57:376][719]LogModuleManager: Shutting down and abandoning module SubversionSourceControl (308)
[2018.07.24-19.33.57:376][719]LogModuleManager: Shutting down and abandoning module PerforceSourceControl (306)
[2018.07.24-19.33.57:376][719]LogModuleManager: Shutting down and abandoning module GitSourceControl (304)
[2018.07.24-19.33.57:376][719]LogModuleManager: Shutting down and abandoning module SourceControl (303)
[2018.07.24-19.33.57:376][719]LogModuleManager: Shutting down and abandoning module CLionSourceCodeAccess (300)
[2018.07.24-19.33.57:376][719]LogModuleManager: Shutting down and abandoning module LightPropagationVolumeEditor (298)
[2018.07.24-19.33.57:376][719]LogModuleManager: Shutting down and abandoning module PaperTiledImporter (296)
[2018.07.24-19.33.57:376][719]LogModuleManager: Shutting down and abandoning module PaperSpriteSheetImporter (294)
[2018.07.24-19.33.57:377][719]LogModuleManager: Shutting down and abandoning module Paper2DEditor (292)
[2018.07.24-19.33.57:377][719]LogModuleManager: Shutting down and abandoning module MeshPaint (291)
[2018.07.24-19.33.57:377][719]LogModuleManager: Shutting down and abandoning module RuntimePhysXCooking (288)
[2018.07.24-19.33.57:377][719]LogModuleManager: Shutting down and abandoning module PhysXVehiclesEditor (286)
[2018.07.24-19.33.57:377][719]LogModuleManager: Shutting down and abandoning module PhysXVehicles (284)
[2018.07.24-19.33.57:377][719]LogModuleManager: Shutting down and abandoning module OculusEditor (282)
[2018.07.24-19.33.57:377][719]LogModuleManager: Shutting down and abandoning module LocationServicesBPLibrary (280)
[2018.07.24-19.33.57:377][719]LogModuleManager: Shutting down and abandoning module ImmediatePhysicsEditor (278)
[2018.07.24-19.33.57:377][719]LogModuleManager: Shutting down and abandoning module ImmediatePhysics (276)
[2018.07.24-19.33.57:377][719]LogModuleManager: Shutting down and abandoning module ActorSequence (274)
[2018.07.24-19.33.57:377][719]LogModuleManager: Shutting down and abandoning module UdpMessaging (272)
[2018.07.24-19.33.57:478][719]LogModuleManager: Shutting down and abandoning module TcpMessaging (270)
[2018.07.24-19.33.57:579][719]LogModuleManager: Shutting down and abandoning module GameplayTagsEditor (268)
[2018.07.24-19.33.57:579][719]LogModuleManager: Shutting down and abandoning module FacialAnimationEditor (266)
[2018.07.24-19.33.57:579][719]LogModuleManager: Shutting down and abandoning module FacialAnimation (264)
[2018.07.24-19.33.57:579][719]LogModuleManager: Shutting down and abandoning module DataValidation (262)
[2018.07.24-19.33.57:579][719]LogModuleManager: Shutting down and abandoning module AssetManagerEditor (260)
[2018.07.24-19.33.57:579][719]LogModuleManager: Shutting down and abandoning module LevelEditor (259)
[2018.07.24-19.33.57:579][719]LogModuleManager: Shutting down and abandoning module PixelInspectorModule (258)
[2018.07.24-19.33.57:580][719]LogModuleManager: Shutting down and abandoning module CommonMenuExtensions (256)
[2018.07.24-19.33.57:580][719]LogModuleManager: Shutting down and abandoning module MainFrame (254)
[2018.07.24-19.33.57:580][719]LogModuleManager: Shutting down and abandoning module HotReload (253)
[2018.07.24-19.33.57:580][719]LogModuleManager: Shutting down and abandoning module ContentBrowser (249)
[2018.07.24-19.33.57:581][719]LogModuleManager: Shutting down and abandoning module TreeMap (247)
[2018.07.24-19.33.57:581][719]LogModuleManager: Shutting down and abandoning module LightPropagationVolumeRuntime (244)
[2018.07.24-19.33.57:581][719]LogModuleManager: Shutting down and abandoning module LiveLinkEditor (242)
[2018.07.24-19.33.57:581][719]LogModuleManager: Shutting down and abandoning module LiveLink (240)
[2018.07.24-19.33.57:596][719]LogModuleManager: Shutting down and abandoning module Paper2D (238)
[2018.07.24-19.33.57:596][719]LogModuleManager: Shutting down and abandoning module WindowsMoviePlayer (236)
[2018.07.24-19.33.57:596][719]LogModuleManager: Shutting down and abandoning module WmfMedia (234)
[2018.07.24-19.33.57:597][719]LogModuleManager: Shutting down and abandoning module Media (233)
[2018.07.24-19.33.57:603][719]LogModuleManager: Shutting down and abandoning module PacketHandler (230)
[2018.07.24-19.33.57:603][719]LogModuleManager: Shutting down and abandoning module ClothingSystemEditor (228)
[2018.07.24-19.33.57:603][719]LogModuleManager: Shutting down and abandoning module ClothingSystemRuntime (226)
[2018.07.24-19.33.57:603][719]LogModuleManager: Shutting down and abandoning module MediaAssets (224)
[2018.07.24-19.33.57:603][719]LogModuleManager: Shutting down and abandoning module Overlay (222)
[2018.07.24-19.33.57:603][719]LogModuleManager: Shutting down and abandoning module OverlayEditor (221)
[2018.07.24-19.33.57:603][719]LogModuleManager: Shutting down and abandoning module VREditor (218)
[2018.07.24-19.33.57:603][719]LogModuleManager: Shutting down and abandoning module StringTableEditor (216)
[2018.07.24-19.33.57:604][719]LogModuleManager: Shutting down and abandoning module GameplayTasksEditor (214)
[2018.07.24-19.33.57:604][719]LogModuleManager: Shutting down and abandoning module BehaviorTreeEditor (212)
[2018.07.24-19.33.57:604][719]LogModuleManager: Shutting down and abandoning module FunctionalTesting (210)
[2018.07.24-19.33.57:604][719]LogModuleManager: Shutting down and abandoning module CollisionAnalyzer (208)
[2018.07.24-19.33.57:604][719]LogModuleManager: Shutting down and abandoning module WorkspaceMenuStructure (207)
[2018.07.24-19.33.57:604][719]LogModuleManager: Shutting down and abandoning module UMG (204)
[2018.07.24-19.33.57:604][719]LogModuleManager: Shutting down and abandoning module UMGEditor (203)
[2018.07.24-19.33.57:604][719]LogModuleManager: Shutting down and abandoning module Sequencer (202)
[2018.07.24-19.33.57:604][719]LogModuleManager: Shutting down and abandoning module MessageLog (199)
[2018.07.24-19.33.57:604][719]LogModuleManager: Shutting down and abandoning module SlateReflector (194)
[2018.07.24-19.33.57:604][719]LogModuleManager: Shutting down and abandoning module Slate (192)
[2018.07.24-19.33.57:604][719]LogModuleManager: Shutting down and abandoning module EditorStyle (190)
[2018.07.24-19.33.57:606][719]LogModuleManager: Shutting down and abandoning module MRMesh (188)
[2018.07.24-19.33.57:606][719]LogModuleManager: Shutting down and abandoning module SourceCodeAccess (186)
[2018.07.24-19.33.57:606][719]LogModuleManager: Shutting down and abandoning module HeadMountedDisplay (184)
[2018.07.24-19.33.57:606][719]LogModuleManager: Shutting down and abandoning module XAudio2 (182)
[2018.07.24-19.33.57:606][719]LogModuleManager: Shutting down and abandoning module Networking (180)
[2018.07.24-19.33.57:606][719]LogModuleManager: Shutting down and abandoning module Core (178)
[2018.07.24-19.33.57:606][719]LogModuleManager: Shutting down and abandoning module LevelSequence (176)
[2018.07.24-19.33.57:606][719]LogModuleManager: Shutting down and abandoning module KismetCompiler (174)
[2018.07.24-19.33.57:606][719]LogModuleManager: Shutting down and abandoning module MeshUtilities (172)
[2018.07.24-19.33.57:606][719]LogModuleManager: Shutting down and abandoning module MeshMergeUtilities (171)
[2018.07.24-19.33.57:606][719]LogModuleManager: Shutting down and abandoning module MeshReductionInterface (170)
[2018.07.24-19.33.57:606][719]LogModuleManager: Shutting down and abandoning module SimplygonSwarm (169)
[2018.07.24-19.33.57:606][719]LogModuleManager: Shutting down and abandoning module SimplygonMeshReduction (167)
[2018.07.24-19.33.57:606][719]LogModuleManager: Shutting down and abandoning module QuadricMeshReduction (165)
[2018.07.24-19.33.57:606][719]LogModuleManager: Shutting down and abandoning module MaterialBaking (161)
[2018.07.24-19.33.57:606][719]LogModuleManager: Shutting down and abandoning module DirectoryWatcher (157)
[2018.07.24-19.33.57:608][719]LogModuleManager: Shutting down and abandoning module DerivedDataCache (154)
[2018.07.24-19.33.57:663][719]LogDerivedDataCache: Shutdown
[2018.07.24-19.33.57:663][719]LogModuleManager: Shutting down and abandoning module XGEController (152)
[2018.07.24-19.33.57:663][719]LogModuleManager: Shutting down and abandoning module TargetPlatform (150)
[2018.07.24-19.33.57:664][719]LogModuleManager: Shutting down and abandoning module VulkanShaderFormat (149)
[2018.07.24-19.33.57:664][719]LogModuleManager: Shutting down and abandoning module ShaderFormatVectorVM (147)
[2018.07.24-19.33.57:664][719]LogModuleManager: Shutting down and abandoning module ShaderFormatOpenGL (145)
[2018.07.24-19.33.57:664][719]LogModuleManager: Shutting down and abandoning module ShaderFormatD3D (143)
[2018.07.24-19.33.57:664][719]LogModuleManager: Shutting down and abandoning module MetalShaderFormat (141)
[2018.07.24-19.33.57:664][719]LogModuleManager: Shutting down and abandoning module TextureFormatUncompressed (139)
[2018.07.24-19.33.57:664][719]LogModuleManager: Shutting down and abandoning module TextureFormatPVR (137)
[2018.07.24-19.33.57:664][719]LogModuleManager: Shutting down and abandoning module TextureFormatDXT (135)
[2018.07.24-19.33.57:664][719]LogModuleManager: Shutting down and abandoning module TextureFormatIntelISPCTexComp (133)
[2018.07.24-19.33.57:664][719]LogModuleManager: Shutting down and abandoning module TextureFormatASTC (131)
[2018.07.24-19.33.57:664][719]LogModuleManager: Shutting down and abandoning module ImageWrapper (130)
[2018.07.24-19.33.57:664][719]LogModuleManager: Shutting down and abandoning module TextureFormatAndroid (127)
[2018.07.24-19.33.57:664][719]LogModuleManager: Shutting down and abandoning module AudioFormatOpus (125)
[2018.07.24-19.33.57:664][719]LogModuleManager: Shutting down and abandoning module AudioFormatOgg (123)
[2018.07.24-19.33.57:664][719]LogModuleManager: Shutting down and abandoning module AudioFormatADPCM (121)
[2018.07.24-19.33.57:664][719]LogModuleManager: Shutting down and abandoning module LinuxTargetPlatform (119)
[2018.07.24-19.33.57:664][719]LogModuleManager: Shutting down and abandoning module LinuxServerTargetPlatform (117)
[2018.07.24-19.33.57:664][719]LogModuleManager: Shutting down and abandoning module LinuxNoEditorTargetPlatform (115)
[2018.07.24-19.33.57:664][719]LogModuleManager: Shutting down and abandoning module LinuxClientTargetPlatform (113)
[2018.07.24-19.33.57:664][719]LogModuleManager: Shutting down and abandoning module TVOSTargetPlatform (111)
[2018.07.24-19.33.57:664][719]LogModuleManager: Shutting down and abandoning module Messaging (109)
[2018.07.24-19.33.57:664][719]LogModuleManager: Shutting down and abandoning module IOSTargetPlatform (107)
[2018.07.24-19.33.57:664][719]LogModuleManager: Shutting down and abandoning module HTML5TargetPlatform (105)
[2018.07.24-19.33.57:664][719]LogModuleManager: Shutting down and abandoning module AndroidTargetPlatform (103)
[2018.07.24-19.33.57:664][719]LogModuleManager: Shutting down and abandoning module Android_PVRTCTargetPlatform (101)
[2018.07.24-19.33.57:664][719]LogModuleManager: Shutting down and abandoning module Android_MultiTargetPlatform (99)
[2018.07.24-19.33.57:664][719]LogModuleManager: Shutting down and abandoning module Android_ETC2TargetPlatform (97)
[2018.07.24-19.33.57:664][719]LogModuleManager: Shutting down and abandoning module Android_ETC1TargetPlatform (95)
[2018.07.24-19.33.57:664][719]LogModuleManager: Shutting down and abandoning module Android_ETC1aTargetPlatform (93)
[2018.07.24-19.33.57:664][719]LogModuleManager: Shutting down and abandoning module Android_DXTTargetPlatform (91)
[2018.07.24-19.33.57:664][719]LogModuleManager: Shutting down and abandoning module Android_ATCTargetPlatform (89)
[2018.07.24-19.33.57:664][719]LogModuleManager: Shutting down and abandoning module Android_ASTCTargetPlatform (87)
[2018.07.24-19.33.57:664][719]LogModuleManager: Shutting down and abandoning module WindowsTargetPlatform (85)
[2018.07.24-19.33.57:664][719]LogModuleManager: Shutting down and abandoning module WindowsServerTargetPlatform (83)
[2018.07.24-19.33.57:664][719]LogModuleManager: Shutting down and abandoning module WindowsNoEditorTargetPlatform (81)
[2018.07.24-19.33.57:664][719]LogModuleManager: Shutting down and abandoning module WindowsClientTargetPlatform (79)
[2018.07.24-19.33.57:664][719]LogModuleManager: Shutting down and abandoning module MacTargetPlatform (77)
[2018.07.24-19.33.57:664][719]LogModuleManager: Shutting down and abandoning module MacServerTargetPlatform (75)
[2018.07.24-19.33.57:664][719]LogModuleManager: Shutting down and abandoning module MacNoEditorTargetPlatform (73)
[2018.07.24-19.33.57:664][719]LogModuleManager: Shutting down and abandoning module MacClientTargetPlatform (71)
[2018.07.24-19.33.57:664][719]LogModuleManager: Shutting down and abandoning module AllDesktopTargetPlatform (69)
[2018.07.24-19.33.57:664][719]LogModuleManager: Shutting down and abandoning module InputCore (66)
[2018.07.24-19.33.57:664][719]LogModuleManager: Shutting down and abandoning module Settings (64)
[2018.07.24-19.33.57:664][719]LogModuleManager: Shutting down and abandoning module PhysXCooking (62)
[2018.07.24-19.33.57:665][719]LogModuleManager: Shutting down and abandoning module SteamVR (60)
[2018.07.24-19.33.57:665][719]LogModuleManager: Shutting down and abandoning module OculusHMD (58)
[2018.07.24-19.33.57:665][719]LogModuleManager: Shutting down and abandoning module ExampleDeviceProfileSelector (56)
[2018.07.24-19.33.57:665][719]LogModuleManager: Shutting down and abandoning module AppleARKit (54)
[2018.07.24-19.33.57:665][719]LogModuleManager: Shutting down and abandoning module AugmentedReality (51)
[2018.07.24-19.33.57:665][719]LogModuleManager: Shutting down and abandoning module OnlineBlueprintSupport (48)
[2018.07.24-19.33.57:665][719]LogModuleManager: Shutting down and abandoning module OnlineSubsystem (44)
[2018.07.24-19.33.57:665][719]LogModuleManager: Shutting down and abandoning module XMPP (43)
[2018.07.24-19.33.57:665][719]LogModuleManager: Shutting down and abandoning module HTTP (41)
[2018.07.24-19.33.57:665][719]LogHttp: Display: Http module shutting down, but needs to wait on 1 outstanding Http requests:
[2018.07.24-19.33.57:665][719]LogHttp: Display: 	verb=[POST] url=[https://datarouter.ol.epicgames.com/datarouter/api/v1/public/data?SessionID=%7B896D3B1C-40AC-8394-75CC-5CB7D3FBD9FA%7D&AppID=UEEditor.Rocket.Release&AppVersion=4.19.2-4033788%2B%2B%2BUE4%2BRelease-4.19&UserID=29afe9494876a5d5f79035bcfec456cc%7Ce1fac9d40cfc4f34b4d742f50a868e6c%7C96d73c02-354e-435a-a0e0-bbcc10989ff3&AppEnvironment=datacollector-binary&UploadType=eteventstream] status=Processing
[2018.07.24-19.33.57:671][719]LogModuleManager: Shutting down and abandoning module SSL (40)
[2018.07.24-19.33.57:672][719]LogModuleManager: Shutting down and abandoning module AnimationModifiers (36)
[2018.07.24-19.33.57:672][719]LogModuleManager: Shutting down and abandoning module PropertyEditor (35)
[2018.07.24-19.33.57:672][719]LogModuleManager: Shutting down and abandoning module AudioEditor (32)
[2018.07.24-19.33.57:672][719]LogModuleManager: Shutting down and abandoning module TextureCompressor (30)
[2018.07.24-19.33.57:672][719]LogModuleManager: Shutting down and abandoning module ShaderCore (28)
[2018.07.24-19.33.57:672][719]LogModuleManager: Shutting down and abandoning module Landscape (26)
[2018.07.24-19.33.57:672][719]LogModuleManager: Shutting down and abandoning module SlateRHIRenderer (24)
[2018.07.24-19.33.57:673][719]LogModuleManager: Shutting down and abandoning module OpenGLDrv (22)
[2018.07.24-19.33.57:673][719]LogModuleManager: Shutting down and abandoning module D3D11RHI (20)
[2018.07.24-19.33.57:673][719]LogModuleManager: Shutting down and abandoning module AnimGraphRuntime (18)
[2018.07.24-19.33.57:673][719]LogModuleManager: Shutting down and abandoning module Renderer (16)
[2018.07.24-19.33.57:673][719]LogModuleManager: Shutting down and abandoning module Engine (14)
[2018.07.24-19.33.57:673][719]LogModuleManager: Shutting down and abandoning module CoreUObject (12)
[2018.07.24-19.33.57:673][719]LogModuleManager: Shutting down and abandoning module NetworkFile (10)
[2018.07.24-19.33.57:673][719]LogModuleManager: Shutting down and abandoning module CookedIterativeFile (8)
[2018.07.24-19.33.57:673][719]LogModuleManager: Shutting down and abandoning module StreamingFile (6)
[2018.07.24-19.33.57:673][719]LogModuleManager: Shutting down and abandoning module SandboxFile (4)
[2018.07.24-19.33.57:673][719]LogModuleManager: Shutting down and abandoning module PakFile (2)
[2018.07.24-19.33.57:678][719]LogExit: Exiting.
[2018.07.24-19.33.57:680][719]Log file closed, 07/24/18 15:33:57
